============================= test session starts =============================
platform win32 -- Python 3.10.20, pytest-9.1.1, pluggy-1.6.0 -- C:\ProgramData\anaconda3\envs\DGED\python.exe
cachedir: .pytest_cache
rootdir: C:\Users\Son\Documents\DEM2DGED\dem2dged_v0.40
configfile: pytest.ini
testpaths: tests
collecting ... collected 212 items

tests/test_converters.py::test_geo_conversion_produces_paired_tiles FAILED [  0%]
tests/test_converters.py::test_geo_tile_names_parse_and_match_their_georeferencing FAILED [  0%]
tests/test_converters.py::test_geo_tile_headers_follow_the_dged_profile FAILED [  1%]
tests/test_converters.py::test_geo_level_2_is_int16 FAILED               [  1%]
tests/test_converters.py::test_geo_tile_dimensions_include_the_one_post_overlap FAILED [  2%]
tests/test_converters.py::test_geo_no_pure_nodata_row_or_column_past_the_data FAILED [  2%]
tests/test_converters.py::test_geo_adjacent_tiles_share_an_identical_edge FAILED [  3%]
tests/test_converters.py::test_geo_sidecars_are_well_formed_with_no_placeholders_left FAILED [  3%]
tests/test_converters.py::test_geo_writes_delivery_level_metadata FAILED [  4%]
tests/test_converters.py::test_geo_org_code_appears_in_every_filename FAILED [  4%]
tests/test_converters.py::test_geo_returns_the_resolved_resampler FAILED [  5%]
tests/test_converters.py::test_geo_cubic_output_is_clamped_to_the_source_range FAILED [  5%]
tests/test_converters.py::test_utm_conversion_produces_paired_tiles FAILED [  6%]
tests/test_converters.py::test_utm_names_are_zero_padded_to_spec_widths FAILED [  6%]
tests/test_converters.py::test_utm_tile_dimensions_equal_the_level_post_count FAILED [  7%]
tests/test_converters.py::test_utm_adjacent_tiles_share_an_identical_edge FAILED [  7%]
tests/test_converters.py::test_utm_never_emits_a_negative_northing FAILED [  8%]
tests/test_converters.py::test_utm_float32_tiles_use_the_floating_point_predictor FAILED [  8%]
tests/test_converters.py::test_utm_rerun_skips_existing_tiles FAILED     [  8%]
tests/test_lib.py::test_geo_level_table_is_complete_and_ordered PASSED   [  9%]
tests/test_lib.py::test_utm_level_table_is_complete PASSED               [  9%]
tests/test_lib.py::test_every_zone_factor_divides_the_geo_tile_evenly[0-60-30-A] PASSED [ 10%]
tests/test_lib.py::test_every_zone_factor_divides_the_geo_tile_evenly[1-60-3-A] PASSED [ 10%]
tests/test_lib.py::test_every_zone_factor_divides_the_geo_tile_evenly[2-60-1-A] PASSED [ 11%]
tests/test_lib.py::test_every_zone_factor_divides_the_geo_tile_evenly[3-60-0.4-A] PASSED [ 11%]
tests/test_lib.py::test_every_zone_factor_divides_the_geo_tile_evenly[4b-15-0.15-C] PASSED [ 12%]
tests/test_lib.py::test_every_zone_factor_divides_the_geo_tile_evenly[4-15-0.12-C] PASSED [ 12%]
tests/test_lib.py::test_every_zone_factor_divides_the_geo_tile_evenly[5-6-0.06-D] PASSED [ 13%]
tests/test_lib.py::test_every_zone_factor_divides_the_geo_tile_evenly[6-3-0.03-E] PASSED [ 13%]
tests/test_lib.py::test_every_zone_factor_divides_the_geo_tile_evenly[7-1.5-0.015-F] PASSED [ 14%]
tests/test_lib.py::test_every_zone_factor_divides_the_geo_tile_evenly[8-1.5-0.0075-F] PASSED [ 14%]
tests/test_lib.py::test_every_zone_factor_divides_the_geo_tile_evenly[9-1.5-0.00375-F] PASSED [ 15%]
tests/test_lib.py::test_output_type_for_level[0-Int16] PASSED            [ 15%]
tests/test_lib.py::test_output_type_for_level[1-Int16] PASSED            [ 16%]
tests/test_lib.py::test_output_type_for_level[2-Int16] PASSED            [ 16%]
tests/test_lib.py::test_output_type_for_level[3-Float32] PASSED          [ 16%]
tests/test_lib.py::test_output_type_for_level[4b-Float32] PASSED         [ 17%]
tests/test_lib.py::test_output_type_for_level[4-Float32] PASSED          [ 17%]
tests/test_lib.py::test_output_type_for_level[5-Float32] PASSED          [ 18%]
tests/test_lib.py::test_output_type_for_level[6-Float32] PASSED          [ 18%]
tests/test_lib.py::test_output_type_for_level[7-Float32] PASSED          [ 19%]
tests/test_lib.py::test_output_type_for_level[8-Float32] PASSED          [ 19%]
tests/test_lib.py::test_output_type_for_level[9-Float32] PASSED          [ 20%]
tests/test_lib.py::test_predictor_is_data_type_aware PASSED              [ 20%]
tests/test_lib.py::test_gdal_exceptions_are_explicitly_configured FAILED [ 21%]
tests/test_lib.py::test_gdal_open_returns_none_instead_of_raising PASSED [ 21%]
tests/test_lib.py::test_quick_raster_range_degrades_instead_of_crashing PASSED [ 22%]
tests/test_lib.py::test_clamp_tile_to_range_degrades_on_an_unreadable_tile PASSED [ 22%]
tests/test_lib.py::test_todms_basic PASSED                               [ 23%]
tests/test_lib.py::test_todms_avoids_59_999_artefacts PASSED             [ 23%]
tests/test_lib.py::test_tile_warp_extent_is_half_post_expanded PASSED    [ 24%]
tests/test_lib.py::test_tile_warp_extent_is_reproducible_however_it_is_reached PASSED [ 24%]
tests/test_lib.py::test_geo_level_0_to_3_use_the_short_form PASSED       [ 25%]
tests/test_lib.py::test_geo_level_5_carries_the_tile_letter_and_minutes PASSED [ 25%]
tests/test_lib.py::test_geo_org_code_is_inserted_as_the_second_subfield PASSED [ 25%]
tests/test_lib.py::test_geo_southern_and_western_hemispheres PASSED      [ 26%]
tests/test_lib.py::test_utm_name_field_widths[4b-widths0] PASSED         [ 26%]
tests/test_lib.py::test_utm_name_field_widths[4-widths1] PASSED          [ 27%]
tests/test_lib.py::test_utm_name_field_widths[5-widths2] PASSED          [ 27%]
tests/test_lib.py::test_utm_name_field_widths[6-widths3] PASSED          [ 28%]
tests/test_lib.py::test_utm_name_field_widths[7-widths4] PASSED          [ 28%]
tests/test_lib.py::test_utm_name_field_widths[8-widths5] PASSED          [ 29%]
tests/test_lib.py::test_utm_name_field_widths[9-widths6] PASSED          [ 29%]
tests/test_lib.py::test_utm_names_are_zero_padded PASSED                 [ 30%]
tests/test_lib.py::test_utm_metre_form_levels_use_seven_and_six_digits PASSED [ 30%]
tests/test_lib.py::test_defined_source_type_codes_are_accepted_silently[A] PASSED [ 31%]
tests/test_lib.py::test_defined_source_type_codes_are_accepted_silently[B] PASSED [ 31%]
tests/test_lib.py::test_defined_source_type_codes_are_accepted_silently[C] PASSED [ 32%]
tests/test_lib.py::test_defined_source_type_codes_are_accepted_silently[F] PASSED [ 32%]
tests/test_lib.py::test_defined_source_type_codes_are_accepted_silently[G] PASSED [ 33%]
tests/test_lib.py::test_defined_source_type_codes_are_accepted_silently[H] PASSED [ 33%]
tests/test_lib.py::test_defined_source_type_codes_are_accepted_silently[K] PASSED [ 33%]
tests/test_lib.py::test_defined_source_type_codes_are_accepted_silently[L] PASSED [ 34%]
tests/test_lib.py::test_defined_source_type_codes_are_accepted_silently[M] PASSED [ 34%]
tests/test_lib.py::test_defined_source_type_codes_are_accepted_silently[N] PASSED [ 35%]
tests/test_lib.py::test_defined_source_type_codes_are_accepted_silently[O] PASSED [ 35%]
tests/test_lib.py::test_defined_source_type_codes_are_accepted_silently[P] PASSED [ 36%]
tests/test_lib.py::test_defined_source_type_codes_are_accepted_silently[T] PASSED [ 36%]
tests/test_lib.py::test_defined_source_type_codes_are_accepted_silently[U] PASSED [ 37%]
tests/test_lib.py::test_defined_source_type_codes_are_accepted_silently[V] PASSED [ 37%]
tests/test_lib.py::test_defined_source_type_codes_are_accepted_silently[X] PASSED [ 38%]
tests/test_lib.py::test_defined_source_type_codes_are_accepted_silently[Y] PASSED [ 38%]
tests/test_lib.py::test_reserved_source_type_codes_are_flagged[D] PASSED [ 39%]
tests/test_lib.py::test_reserved_source_type_codes_are_flagged[E] PASSED [ 39%]
tests/test_lib.py::test_reserved_source_type_codes_are_flagged[I] PASSED [ 40%]
tests/test_lib.py::test_reserved_source_type_codes_are_flagged[J] PASSED [ 40%]
tests/test_lib.py::test_reserved_source_type_codes_are_flagged[Q] PASSED [ 41%]
tests/test_lib.py::test_reserved_source_type_codes_are_flagged[R] PASSED [ 41%]
tests/test_lib.py::test_reserved_source_type_codes_are_flagged[S] PASSED [ 41%]
tests/test_lib.py::test_reserved_source_type_codes_are_flagged[W] PASSED [ 42%]
tests/test_lib.py::test_reserved_source_type_codes_are_flagged[Z] PASSED [ 42%]
tests/test_lib.py::test_unknown_source_type_code_is_flagged_but_never_crashes PASSED [ 43%]
tests/test_lib.py::test_pick_resampler_rules PASSED                      [ 43%]
tests/test_lib.py::test_auto_never_resolves_to_an_overshoot_prone_resampler PASSED [ 44%]
tests/test_lib.py::test_overshoot_prone_set_contents PASSED              [ 44%]
tests/test_lib.py::test_resolve_resampler_matches_pick_resampler_for_non_optimize PASSED [ 45%]
tests/test_lib.py::test_sanity_blocks_on_aspect_filename_and_aspect_range PASSED [ 45%]
tests/test_lib.py::test_sanity_warns_on_a_single_signal PASSED           [ 46%]
tests/test_lib.py::test_sanity_is_clean_for_real_elevation PASSED        [ 46%]
tests/test_lib.py::test_sanity_never_crashes_on_an_unreadable_raster PASSED [ 47%]
tests/test_lib.py::test_accuracy_tables_cover_every_level PASSED         [ 47%]
tests/test_lib.py::test_version_is_a_bare_major_minor_string PASSED      [ 48%]
tests/test_lib.py::test_release_notes_declare_the_current_version[VERSION.txt] PASSED [ 48%]
tests/test_lib.py::test_release_notes_declare_the_current_version[VALIDATOR_VERSION.txt] PASSED [ 49%]
tests/test_lib.py::test_packaging_scripts_declare_the_current_version[dem2dged_package.py] PASSED [ 49%]
tests/test_lib.py::test_packaging_scripts_declare_the_current_version[dem2dged_validate_package.py] PASSED [ 50%]
tests/test_lib.py::test_packaging_scripts_declare_the_current_version[BUILD_AND_PACKAGE.py] PASSED [ 50%]
tests/test_lib.py::test_packaging_scripts_declare_the_current_version[dem2dged_essential_package.py] PASSED [ 50%]
tests/test_lib.py::test_module_header_comments_declare_the_current_version[dem2dged.py] PASSED [ 51%]
tests/test_lib.py::test_module_header_comments_declare_the_current_version[dem2dged_geo.py] PASSED [ 51%]
tests/test_lib.py::test_module_header_comments_declare_the_current_version[dem2dged_utm.py] PASSED [ 52%]
tests/test_lib.py::test_module_header_comments_declare_the_current_version[dem2dged_gui.py] PASSED [ 52%]
tests/test_lib.py::test_module_header_comments_declare_the_current_version[dem2dged_lib.py] PASSED [ 53%]
tests/test_lib.py::test_module_header_comments_declare_the_current_version[dem2dged_validate.py] PASSED [ 53%]
tests/test_lib.py::test_module_header_comments_declare_the_current_version[dem2dged_compare.py] PASSED [ 54%]
tests/test_lib.py::test_gui_version_fallback_matches PASSED              [ 54%]
tests/test_lib.py::test_compare_version_fallback_matches PASSED          [ 55%]
tests/test_validator.py::test_module_exposes_everything_its_callers_use PASSED [ 55%]
tests/test_validator.py::test_nodata_matches_what_the_converters_write PASSED [ 56%]
tests/test_validator.py::test_sane_elevation_band_brackets_the_real_world PASSED [ 56%]
tests/test_validator.py::test_validator_version_tracks_the_library PASSED [ 57%]
tests/test_validator.py::test_geo_names_round_trip_through_the_pattern[-0-60-30-A] PASSED [ 57%]
tests/test_validator.py::test_geo_names_round_trip_through_the_pattern[-1-60-3-A] PASSED [ 58%]
tests/test_validator.py::test_geo_names_round_trip_through_the_pattern[-2-60-1-A] PASSED [ 58%]
tests/test_validator.py::test_geo_names_round_trip_through_the_pattern[-3-60-0.4-A] PASSED [ 58%]
tests/test_validator.py::test_geo_names_round_trip_through_the_pattern[-4b-15-0.15-C] PASSED [ 59%]
tests/test_validator.py::test_geo_names_round_trip_through_the_pattern[-4-15-0.12-C] PASSED [ 59%]
tests/test_validator.py::test_geo_names_round_trip_through_the_pattern[-5-6-0.06-D] PASSED [ 60%]
tests/test_validator.py::test_geo_names_round_trip_through_the_pattern[-6-3-0.03-E] PASSED [ 60%]
tests/test_validator.py::test_geo_names_round_trip_through_the_pattern[-7-1.5-0.015-F] PASSED [ 61%]
tests/test_validator.py::test_geo_names_round_trip_through_the_pattern[-8-1.5-0.0075-F] PASSED [ 61%]
tests/test_validator.py::test_geo_names_round_trip_through_the_pattern[-9-1.5-0.00375-F] PASSED [ 62%]
tests/test_validator.py::test_geo_names_round_trip_through_the_pattern[DNK-0-60-30-A] PASSED [ 62%]
tests/test_validator.py::test_geo_names_round_trip_through_the_pattern[DNK-1-60-3-A] PASSED [ 63%]
tests/test_validator.py::test_geo_names_round_trip_through_the_pattern[DNK-2-60-1-A] PASSED [ 63%]
tests/test_validator.py::test_geo_names_round_trip_through_the_pattern[DNK-3-60-0.4-A] PASSED [ 64%]
tests/test_validator.py::test_geo_names_round_trip_through_the_pattern[DNK-4b-15-0.15-C] PASSED [ 64%]
tests/test_validator.py::test_geo_names_round_trip_through_the_pattern[DNK-4-15-0.12-C] PASSED [ 65%]
tests/test_validator.py::test_geo_names_round_trip_through_the_pattern[DNK-5-6-0.06-D] PASSED [ 65%]
tests/test_validator.py::test_geo_names_round_trip_through_the_pattern[DNK-6-3-0.03-E] PASSED [ 66%]
tests/test_validator.py::test_geo_names_round_trip_through_the_pattern[DNK-7-1.5-0.015-F] PASSED [ 66%]
tests/test_validator.py::test_geo_names_round_trip_through_the_pattern[DNK-8-1.5-0.0075-F] PASSED [ 66%]
tests/test_validator.py::test_geo_names_round_trip_through_the_pattern[DNK-9-1.5-0.00375-F] PASSED [ 67%]
tests/test_validator.py::test_utm_names_round_trip_through_the_pattern[32N-4b-5-5001-C] PASSED [ 67%]
tests/test_validator.py::test_utm_names_round_trip_through_the_pattern[32N-4-4-6251-C] PASSED [ 68%]
tests/test_validator.py::test_utm_names_round_trip_through_the_pattern[32N-5-2-5001-D] PASSED [ 68%]
tests/test_validator.py::test_utm_names_round_trip_through_the_pattern[32N-6-1-5001-E] PASSED [ 69%]
tests/test_validator.py::test_utm_names_round_trip_through_the_pattern[32N-7-0.5-5001-F] PASSED [ 69%]
tests/test_validator.py::test_utm_names_round_trip_through_the_pattern[32N-8-0.25-5001-G] PASSED [ 70%]
tests/test_validator.py::test_utm_names_round_trip_through_the_pattern[32N-9-0.125-10001-G] PASSED [ 70%]
tests/test_validator.py::test_utm_names_round_trip_through_the_pattern[09S-4b-5-5001-C] PASSED [ 71%]
tests/test_validator.py::test_utm_names_round_trip_through_the_pattern[09S-4-4-6251-C] PASSED [ 71%]
tests/test_validator.py::test_utm_names_round_trip_through_the_pattern[09S-5-2-5001-D] PASSED [ 72%]
tests/test_validator.py::test_utm_names_round_trip_through_the_pattern[09S-6-1-5001-E] PASSED [ 72%]
tests/test_validator.py::test_utm_names_round_trip_through_the_pattern[09S-7-0.5-5001-F] PASSED [ 73%]
tests/test_validator.py::test_utm_names_round_trip_through_the_pattern[09S-8-0.25-5001-G] PASSED [ 73%]
tests/test_validator.py::test_utm_names_round_trip_through_the_pattern[09S-9-0.125-10001-G] PASSED [ 74%]
tests/test_validator.py::test_utm_names_round_trip_through_the_pattern[01N-4b-5-5001-C] PASSED [ 74%]
tests/test_validator.py::test_utm_names_round_trip_through_the_pattern[01N-4-4-6251-C] PASSED [ 75%]
tests/test_validator.py::test_utm_names_round_trip_through_the_pattern[01N-5-2-5001-D] PASSED [ 75%]
tests/test_validator.py::test_utm_names_round_trip_through_the_pattern[01N-6-1-5001-E] PASSED [ 75%]
tests/test_validator.py::test_utm_names_round_trip_through_the_pattern[01N-7-0.5-5001-F] PASSED [ 76%]
tests/test_validator.py::test_utm_names_round_trip_through_the_pattern[01N-8-0.25-5001-G] PASSED [ 76%]
tests/test_validator.py::test_utm_names_round_trip_through_the_pattern[01N-9-0.125-10001-G] PASSED [ 77%]
tests/test_validator.py::test_utm_names_round_trip_through_the_pattern[60S-4b-5-5001-C] PASSED [ 77%]
tests/test_validator.py::test_utm_names_round_trip_through_the_pattern[60S-4-4-6251-C] PASSED [ 78%]
tests/test_validator.py::test_utm_names_round_trip_through_the_pattern[60S-5-2-5001-D] PASSED [ 78%]
tests/test_validator.py::test_utm_names_round_trip_through_the_pattern[60S-6-1-5001-E] PASSED [ 79%]
tests/test_validator.py::test_utm_names_round_trip_through_the_pattern[60S-7-0.5-5001-F] PASSED [ 79%]
tests/test_validator.py::test_utm_names_round_trip_through_the_pattern[60S-8-0.25-5001-G] PASSED [ 80%]
tests/test_validator.py::test_utm_names_round_trip_through_the_pattern[60S-9-0.125-10001-G] PASSED [ 80%]
tests/test_validator.py::test_legacy_short_utm_name_still_parses_so_the_error_can_be_precise PASSED [ 81%]
tests/test_validator.py::test_pre_v027_geo_legacy_form_with_tile_letter_still_parses[0] PASSED [ 81%]
tests/test_validator.py::test_pre_v027_geo_legacy_form_with_tile_letter_still_parses[1] PASSED [ 82%]
tests/test_validator.py::test_pre_v027_geo_legacy_form_with_tile_letter_still_parses[2] PASSED [ 82%]
tests/test_validator.py::test_pre_v027_geo_legacy_form_with_tile_letter_still_parses[3] PASSED [ 83%]
tests/test_validator.py::test_current_geo_short_form_reports_no_tile_letter PASSED [ 83%]
tests/test_validator.py::test_malformed_names_are_rejected[not_a_dged_tile] PASSED [ 83%]
tests/test_validator.py::test_malformed_names_are_rejected[DGEDL5GtD_5530N01212E_A_U_1] PASSED [ 84%]
tests/test_validator.py::test_malformed_names_are_rejected[DGEDL5UtD_32N0500_400_A_U] PASSED [ 84%]
tests/test_validator.py::test_malformed_names_are_rejected[DGEDL5GtD_5530N01212E_A_U_01_extra] PASSED [ 85%]
tests/test_validator.py::test_malformed_names_are_rejected[DGEDLXUtD_32N0500_400_A_U_01] PASSED [ 85%]
tests/test_validator.py::test_malformed_names_are_rejected[DGEDL5UtD_32X0500_400_A_U_01] PASSED [ 86%]
tests/test_validator.py::test_delivery_level_xml_is_not_flagged_as_missing_a_tif PASSED [ 86%]
tests/test_validator.py::test_check_pairing_ignores_delivery_level_metadata PASSED [ 87%]
tests/test_validator.py::test_template_prose_is_not_mistaken_for_an_unreplaced_placeholder PASSED [ 87%]
tests/test_validator.py::test_real_placeholders_are_still_detected PASSED [ 88%]
tests/test_validator.py::test_shipped_templates_contain_only_substitutable_placeholders PASSED [ 88%]
tests/test_validator.py::test_origin_check_accepts_a_correct_half_post_expanded_tile PASSED [ 89%]
tests/test_validator.py::test_origin_check_still_catches_a_real_half_pixel_shift PASSED [ 89%]
tests/test_validator.py::test_overall_result_is_three_tier[counts0-PASS] PASSED [ 90%]
tests/test_validator.py::test_overall_result_is_three_tier[counts1-PASS] PASSED [ 90%]
tests/test_validator.py::test_overall_result_is_three_tier[counts2-WARN] PASSED [ 91%]
tests/test_validator.py::test_overall_result_is_three_tier[counts3-FAIL] PASSED [ 91%]
tests/test_validator.py::test_overall_result_is_three_tier[counts4-FAIL] PASSED [ 91%]
tests/test_validator.py::test_report_tile_overall_takes_the_worst_category PASSED [ 92%]
tests/test_validator.py::test_report_emit_survives_an_unencodable_console PASSED [ 92%]
tests/test_validator.py::test_every_option_accepts_both_dash_spellings[-html-report] PASSED [ 93%]
tests/test_validator.py::test_every_option_accepts_both_dash_spellings[--html-report] PASSED [ 93%]
tests/test_validator.py::test_every_option_accepts_both_dash_spellings[-max-diff] PASSED [ 94%]
tests/test_validator.py::test_every_option_accepts_both_dash_spellings[--max-diff] PASSED [ 94%]
tests/test_validator.py::test_every_option_accepts_both_dash_spellings[-report] PASSED [ 95%]
tests/test_validator.py::test_every_option_accepts_both_dash_spellings[--report] PASSED [ 95%]
tests/test_validator.py::test_every_option_accepts_both_dash_spellings[-src] PASSED [ 96%]
tests/test_validator.py::test_every_option_accepts_both_dash_spellings[--src] PASSED [ 96%]
tests/test_validator.py::test_every_option_accepts_both_dash_spellings[-resample] PASSED [ 97%]
tests/test_validator.py::test_every_option_accepts_both_dash_spellings[--resample] PASSED [ 97%]
tests/test_validator.py::test_verbose_flag_parses_both_spellings PASSED  [ 98%]
tests/test_validator.py::test_a_real_conversion_validates_clean FAILED   [ 98%]
tests/test_validator.py::test_reports_are_written FAILED                 [ 99%]
tests/test_validator.py::test_an_empty_folder_fails_cleanly PASSED       [ 99%]
tests/test_validator.py::test_a_corrupt_tile_is_reported_not_crashed FAILED [100%]

================================== FAILURES ===================================
__________________ test_geo_conversion_produces_paired_tiles __________________
tests\test_converters.py:85: in test_geo_conversion_produces_paired_tiles
    geo.main(_geo_args(geo_dem, output_dir))
dem2dged_geo.py:88: in main
    pargs = parser.parse_args(args[1:])
E   TypeError: 'Namespace' object is not subscriptable
__________ test_geo_tile_names_parse_and_match_their_georeferencing ___________
tests\test_converters.py:97: in test_geo_tile_names_parse_and_match_their_georeferencing
    geo.main(_geo_args(geo_dem, output_dir))
dem2dged_geo.py:88: in main
    pargs = parser.parse_args(args[1:])
E   TypeError: 'Namespace' object is not subscriptable
________________ test_geo_tile_headers_follow_the_dged_profile ________________
tests\test_converters.py:118: in test_geo_tile_headers_follow_the_dged_profile
    geo.main(_geo_args(geo_dem, output_dir))
dem2dged_geo.py:88: in main
    pargs = parser.parse_args(args[1:])
E   TypeError: 'Namespace' object is not subscriptable
__________________________ test_geo_level_2_is_int16 __________________________
tests\test_converters.py:132: in test_geo_level_2_is_int16
    geo.main(_geo_args(geo_dem, output_dir, product_level="2"))
dem2dged_geo.py:88: in main
    pargs = parser.parse_args(args[1:])
E   TypeError: 'Namespace' object is not subscriptable
____________ test_geo_tile_dimensions_include_the_one_post_overlap ____________
tests\test_converters.py:143: in test_geo_tile_dimensions_include_the_one_post_overlap
    geo.main(_geo_args(geo_dem, output_dir))
dem2dged_geo.py:88: in main
    pargs = parser.parse_args(args[1:])
E   TypeError: 'Namespace' object is not subscriptable
_____________ test_geo_no_pure_nodata_row_or_column_past_the_data _____________
tests\test_converters.py:163: in test_geo_no_pure_nodata_row_or_column_past_the_data
    geo.main(_geo_args(geo_dem, output_dir, product_level="2"))
dem2dged_geo.py:88: in main
    pargs = parser.parse_args(args[1:])
E   TypeError: 'Namespace' object is not subscriptable
_______________ test_geo_adjacent_tiles_share_an_identical_edge _______________
tests\test_converters.py:179: in test_geo_adjacent_tiles_share_an_identical_edge
    geo.main(_geo_args(geo_dem, output_dir))
dem2dged_geo.py:88: in main
    pargs = parser.parse_args(args[1:])
E   TypeError: 'Namespace' object is not subscriptable
_________ test_geo_sidecars_are_well_formed_with_no_placeholders_left _________
tests\test_converters.py:208: in test_geo_sidecars_are_well_formed_with_no_placeholders_left
    geo.main(_geo_args(geo_dem, output_dir))
dem2dged_geo.py:88: in main
    pargs = parser.parse_args(args[1:])
E   TypeError: 'Namespace' object is not subscriptable
___________________ test_geo_writes_delivery_level_metadata ___________________
tests\test_converters.py:222: in test_geo_writes_delivery_level_metadata
    geo.main(_geo_args(geo_dem, output_dir))
dem2dged_geo.py:88: in main
    pargs = parser.parse_args(args[1:])
E   TypeError: 'Namespace' object is not subscriptable
_________________ test_geo_org_code_appears_in_every_filename _________________
tests\test_converters.py:230: in test_geo_org_code_appears_in_every_filename
    geo.main(_geo_args(geo_dem, output_dir, org="DNK"))
dem2dged_geo.py:88: in main
    pargs = parser.parse_args(args[1:])
E   TypeError: 'Namespace' object is not subscriptable
___________________ test_geo_returns_the_resolved_resampler ___________________
tests\test_converters.py:241: in test_geo_returns_the_resolved_resampler
    resamp = geo.main(_geo_args(geo_dem, output_dir, resample="cubic"))
dem2dged_geo.py:88: in main
    pargs = parser.parse_args(args[1:])
E   TypeError: 'Namespace' object is not subscriptable
____________ test_geo_cubic_output_is_clamped_to_the_source_range _____________
tests\test_converters.py:249: in test_geo_cubic_output_is_clamped_to_the_source_range
    geo.main(_geo_args(geo_dem, output_dir, resample="cubic"))
dem2dged_geo.py:88: in main
    pargs = parser.parse_args(args[1:])
E   TypeError: 'Namespace' object is not subscriptable
__________________ test_utm_conversion_produces_paired_tiles __________________
tests\test_converters.py:262: in test_utm_conversion_produces_paired_tiles
    utm.main(_utm_args(utm_dem, output_dir, utm_zone="32N"))
dem2dged_utm.py:135: in main
    pargs = parser.parse_args(args[1:])
E   TypeError: 'Namespace' object is not subscriptable
________________ test_utm_names_are_zero_padded_to_spec_widths ________________
tests\test_converters.py:276: in test_utm_names_are_zero_padded_to_spec_widths
    utm.main(_utm_args(utm_dem, output_dir, utm_zone="32N"))
dem2dged_utm.py:135: in main
    pargs = parser.parse_args(args[1:])
E   TypeError: 'Namespace' object is not subscriptable
_____________ test_utm_tile_dimensions_equal_the_level_post_count _____________
tests\test_converters.py:291: in test_utm_tile_dimensions_equal_the_level_post_count
    utm.main(_utm_args(utm_dem, output_dir, utm_zone="32N"))
dem2dged_utm.py:135: in main
    pargs = parser.parse_args(args[1:])
E   TypeError: 'Namespace' object is not subscriptable
_______________ test_utm_adjacent_tiles_share_an_identical_edge _______________
tests\test_converters.py:309: in test_utm_adjacent_tiles_share_an_identical_edge
    utm.main(_utm_args(utm_dem_wide, output_dir, utm_zone="32N"))
dem2dged_utm.py:135: in main
    pargs = parser.parse_args(args[1:])
E   TypeError: 'Namespace' object is not subscriptable
__________________ test_utm_never_emits_a_negative_northing ___________________
tests\test_converters.py:341: in test_utm_never_emits_a_negative_northing
    utm.main(_utm_args(equator_utm_dem, output_dir, utm_zone="32N"))
dem2dged_utm.py:135: in main
    pargs = parser.parse_args(args[1:])
E   TypeError: 'Namespace' object is not subscriptable
___________ test_utm_float32_tiles_use_the_floating_point_predictor ___________
tests\test_converters.py:361: in test_utm_float32_tiles_use_the_floating_point_predictor
    utm.main(_utm_args(utm_dem, output_dir, utm_zone="32N"))
dem2dged_utm.py:135: in main
    pargs = parser.parse_args(args[1:])
E   TypeError: 'Namespace' object is not subscriptable
_____________________ test_utm_rerun_skips_existing_tiles _____________________
tests\test_converters.py:372: in test_utm_rerun_skips_existing_tiles
    utm.main(_utm_args(utm_dem, output_dir, utm_zone="32N"))
dem2dged_utm.py:135: in main
    pargs = parser.parse_args(args[1:])
E   TypeError: 'Namespace' object is not subscriptable
_______________ test_gdal_exceptions_are_explicitly_configured ________________
tests\test_lib.py:104: in test_gdal_exceptions_are_explicitly_configured
    assert gdal.GetUseExceptions() == 1
E   AssertionError: assert 0 == 1
E    +  where 0 = <function GetUseExceptions at 0x0000021F04913520>()
E    +    where <function GetUseExceptions at 0x0000021F04913520> = <module 'osgeo.gdal' from 'C:\\ProgramData\\anaconda3\\envs\\DGED\\lib\\site-packages\\osgeo\\gdal.py'>.GetUseExceptions
___________________ test_a_real_conversion_validates_clean ____________________
tests\test_validator.py:336: in test_a_real_conversion_validates_clean
    resamp = geo.main(geo.parser.parse_args(
dem2dged_geo.py:88: in main
    pargs = parser.parse_args(args[1:])
E   TypeError: 'Namespace' object is not subscriptable
__________________________ test_reports_are_written ___________________________
tests\test_validator.py:352: in test_reports_are_written
    geo.main(geo.parser.parse_args([geo_dem, output_dir, "-product_level", "5"]))
dem2dged_geo.py:88: in main
    pargs = parser.parse_args(args[1:])
E   TypeError: 'Namespace' object is not subscriptable
_________________ test_a_corrupt_tile_is_reported_not_crashed _________________
tests\test_validator.py:383: in test_a_corrupt_tile_is_reported_not_crashed
    geo.main(geo.parser.parse_args([geo_dem, output_dir, "-product_level", "5"]))
dem2dged_geo.py:88: in main
    pargs = parser.parse_args(args[1:])
E   TypeError: 'Namespace' object is not subscriptable
=========================== short test summary info ===========================
FAILED tests/test_converters.py::test_geo_conversion_produces_paired_tiles - ...
FAILED tests/test_converters.py::test_geo_tile_names_parse_and_match_their_georeferencing
FAILED tests/test_converters.py::test_geo_tile_headers_follow_the_dged_profile
FAILED tests/test_converters.py::test_geo_level_2_is_int16 - TypeError: 'Name...
FAILED tests/test_converters.py::test_geo_tile_dimensions_include_the_one_post_overlap
FAILED tests/test_converters.py::test_geo_no_pure_nodata_row_or_column_past_the_data
FAILED tests/test_converters.py::test_geo_adjacent_tiles_share_an_identical_edge
FAILED tests/test_converters.py::test_geo_sidecars_are_well_formed_with_no_placeholders_left
FAILED tests/test_converters.py::test_geo_writes_delivery_level_metadata - Ty...
FAILED tests/test_converters.py::test_geo_org_code_appears_in_every_filename
FAILED tests/test_converters.py::test_geo_returns_the_resolved_resampler - Ty...
FAILED tests/test_converters.py::test_geo_cubic_output_is_clamped_to_the_source_range
FAILED tests/test_converters.py::test_utm_conversion_produces_paired_tiles - ...
FAILED tests/test_converters.py::test_utm_names_are_zero_padded_to_spec_widths
FAILED tests/test_converters.py::test_utm_tile_dimensions_equal_the_level_post_count
FAILED tests/test_converters.py::test_utm_adjacent_tiles_share_an_identical_edge
FAILED tests/test_converters.py::test_utm_never_emits_a_negative_northing - T...
FAILED tests/test_converters.py::test_utm_float32_tiles_use_the_floating_point_predictor
FAILED tests/test_converters.py::test_utm_rerun_skips_existing_tiles - TypeEr...
FAILED tests/test_lib.py::test_gdal_exceptions_are_explicitly_configured - As...
FAILED tests/test_validator.py::test_a_real_conversion_validates_clean - Type...
FAILED tests/test_validator.py::test_reports_are_written - TypeError: 'Namesp...
FAILED tests/test_validator.py::test_a_corrupt_tile_is_reported_not_crashed
======================= 23 failed, 189 passed in 1.39s ========================
