============================= test session starts =============================
platform win32 -- Python 3.10.20, pytest-9.1.1, pluggy-1.6.0 -- C:\ProgramData\anaconda3\envs\DGED\python.exe
cachedir: .pytest_cache
rootdir: C:\Users\Son\Documents\Claude\dem2dged\dem2dged_v0.45
configfile: pytest.ini
testpaths: tests
collecting ... collected 364 items

tests/test_converters.py::test_geo_conversion_produces_paired_tif_and_xml PASSED [  0%]
tests/test_converters.py::test_geo_conversion_returns_the_resolved_resampler PASSED [  0%]
tests/test_converters.py::test_geo_tiles_have_the_spec_header_profile PASSED [  0%]
tests/test_converters.py::test_geo_data_type_is_level_aware[2-Int16] PASSED [  1%]
tests/test_converters.py::test_geo_data_type_is_level_aware[5-Float32] PASSED [  1%]
tests/test_converters.py::test_geo_lzw_predictor_matches_the_data_type[2-2] PASSED [  1%]
tests/test_converters.py::test_geo_lzw_predictor_matches_the_data_type[5-3] PASSED [  1%]
tests/test_converters.py::test_geo_tile_dimensions_include_the_shared_post PASSED [  2%]
tests/test_converters.py::test_geo_origin_is_half_a_post_outside_the_nominal_corner PASSED [  2%]
tests/test_converters.py::test_geo_names_parse_and_agree_with_the_georeferencing PASSED [  2%]
tests/test_converters.py::test_no_pure_nodata_row_or_column_of_tiles PASSED [  3%]
tests/test_converters.py::test_geo_adjacent_tiles_share_a_bit_identical_column PASSED [  3%]
tests/test_converters.py::test_a_two_by_two_tile_grid_matches_on_every_seam_and_corner PASSED [  3%]
tests/test_converters.py::test_level_0_tiles_are_int16_with_predictor_2 PASSED [  3%]
tests/test_converters.py::test_geo_sidecars_are_well_formed_and_fully_substituted PASSED [  4%]
tests/test_converters.py::test_delivery_level_metadata_is_written PASSED [  4%]
tests/test_converters.py::test_rerunning_skips_existing_tiles PASSED     [  4%]
tests/test_converters.py::test_utm_conversion_produces_tiles PASSED      [  4%]
tests/test_converters.py::test_utm_names_are_zero_padded_on_disk PASSED  [  5%]
tests/test_converters.py::test_utm_tile_is_the_declared_number_of_posts PASSED [  5%]
tests/test_converters.py::test_utm_adjacent_tiles_share_an_identical_edge PASSED [  5%]
tests/test_converters.py::test_utm_northing_is_never_negative PASSED     [  6%]
tests/test_converters.py::test_cubic_overshoot_is_clamped_to_the_source_range PASSED [  6%]
tests/test_converters.py::test_auto_resampling_never_needs_clamping PASSED [  6%]
tests/test_converters.py::test_a_bad_resampler_stops_before_any_tile_is_written PASSED [  6%]
tests/test_converters.py::test_an_untagged_source_fails_with_a_message_naming_the_file PASSED [  7%]
tests/test_converters.py::test_an_unknown_level_is_rejected_with_the_valid_list PASSED [  7%]
tests/test_converters.py::test_an_invalid_utm_zone_is_rejected[32X] PASSED [  7%]
tests/test_converters.py::test_an_invalid_utm_zone_is_rejected[0N] PASSED [  7%]
tests/test_converters.py::test_an_invalid_utm_zone_is_rejected[61N] PASSED [  8%]
tests/test_converters.py::test_an_invalid_utm_zone_is_rejected[abc] PASSED [  8%]
tests/test_converters.py::test_a_fresh_geo_delivery_validates_clean PASSED [  8%]
tests/test_converters.py::test_a_fresh_utm_delivery_validates_clean PASSED [  9%]
tests/test_converters.py::test_both_report_formats_are_written PASSED    [  9%]
tests/test_lib.py::test_version_is_a_bare_major_minor_string PASSED      [  9%]
tests/test_lib.py::test_version_display_matches_version_when_no_release_stage PASSED [  9%]
tests/test_lib.py::test_every_module_declares_the_library_version_in_its_header[dem2dged.py] PASSED [ 10%]
tests/test_lib.py::test_every_module_declares_the_library_version_in_its_header[dem2dged_geo.py] PASSED [ 10%]
tests/test_lib.py::test_every_module_declares_the_library_version_in_its_header[dem2dged_utm.py] PASSED [ 10%]
tests/test_lib.py::test_every_module_declares_the_library_version_in_its_header[dem2dged_lib.py] PASSED [ 10%]
tests/test_lib.py::test_every_module_declares_the_library_version_in_its_header[dem2dged_validate.py] PASSED [ 11%]
tests/test_lib.py::test_every_module_declares_the_library_version_in_its_header[dem2dged_compare.py] PASSED [ 11%]
tests/test_lib.py::test_every_module_declares_the_library_version_in_its_header[dem2dged_gui.py] PASSED [ 11%]
tests/test_lib.py::test_version_txt_agrees_with_the_library PASSED       [ 12%]
tests/test_lib.py::test_geo_levels_are_the_eleven_the_spec_defines PASSED [ 12%]
tests/test_lib.py::test_utm_levels_start_at_4b PASSED                    [ 12%]
tests/test_lib.py::test_every_longitude_zone_factor_divides_the_geo_tile_evenly[0-60-30-A] PASSED [ 12%]
tests/test_lib.py::test_every_longitude_zone_factor_divides_the_geo_tile_evenly[1-60-3-A] PASSED [ 13%]
tests/test_lib.py::test_every_longitude_zone_factor_divides_the_geo_tile_evenly[2-60-1-A] PASSED [ 13%]
tests/test_lib.py::test_every_longitude_zone_factor_divides_the_geo_tile_evenly[3-60-0.4-A] PASSED [ 13%]
tests/test_lib.py::test_every_longitude_zone_factor_divides_the_geo_tile_evenly[4b-15-0.15-C] PASSED [ 14%]
tests/test_lib.py::test_every_longitude_zone_factor_divides_the_geo_tile_evenly[4-15-0.12-C] PASSED [ 14%]
tests/test_lib.py::test_every_longitude_zone_factor_divides_the_geo_tile_evenly[5-6-0.06-D] PASSED [ 14%]
tests/test_lib.py::test_every_longitude_zone_factor_divides_the_geo_tile_evenly[6-3-0.03-E] PASSED [ 14%]
tests/test_lib.py::test_every_longitude_zone_factor_divides_the_geo_tile_evenly[7-1.5-0.015-F] PASSED [ 15%]
tests/test_lib.py::test_every_longitude_zone_factor_divides_the_geo_tile_evenly[8-1.5-0.0075-F] PASSED [ 15%]
tests/test_lib.py::test_every_longitude_zone_factor_divides_the_geo_tile_evenly[9-1.5-0.00375-F] PASSED [ 15%]
tests/test_lib.py::test_longitude_zones_tile_the_whole_globe_without_gaps PASSED [ 15%]
tests/test_lib.py::test_longitude_zones_are_symmetric_about_the_equator PASSED [ 16%]
tests/test_lib.py::test_accuracy_defaults_exist_for_every_level[0] PASSED [ 16%]
tests/test_lib.py::test_accuracy_defaults_exist_for_every_level[1] PASSED [ 16%]
tests/test_lib.py::test_accuracy_defaults_exist_for_every_level[2] PASSED [ 17%]
tests/test_lib.py::test_accuracy_defaults_exist_for_every_level[3] PASSED [ 17%]
tests/test_lib.py::test_accuracy_defaults_exist_for_every_level[4b] PASSED [ 17%]
tests/test_lib.py::test_accuracy_defaults_exist_for_every_level[4] PASSED [ 17%]
tests/test_lib.py::test_accuracy_defaults_exist_for_every_level[5] PASSED [ 18%]
tests/test_lib.py::test_accuracy_defaults_exist_for_every_level[6] PASSED [ 18%]
tests/test_lib.py::test_accuracy_defaults_exist_for_every_level[7] PASSED [ 18%]
tests/test_lib.py::test_accuracy_defaults_exist_for_every_level[8] PASSED [ 18%]
tests/test_lib.py::test_accuracy_defaults_exist_for_every_level[9] PASSED [ 19%]
tests/test_lib.py::test_accuracy_defaults_improve_monotonically_with_level PASSED [ 19%]
tests/test_lib.py::test_output_type_for_level[0-Int16] PASSED            [ 19%]
tests/test_lib.py::test_output_type_for_level[1-Int16] PASSED            [ 20%]
tests/test_lib.py::test_output_type_for_level[2-Int16] PASSED            [ 20%]
tests/test_lib.py::test_output_type_for_level[3-Float32] PASSED          [ 20%]
tests/test_lib.py::test_output_type_for_level[4b-Float32] PASSED         [ 20%]
tests/test_lib.py::test_output_type_for_level[4-Float32] PASSED          [ 21%]
tests/test_lib.py::test_output_type_for_level[5-Float32] PASSED          [ 21%]
tests/test_lib.py::test_output_type_for_level[6-Float32] PASSED          [ 21%]
tests/test_lib.py::test_output_type_for_level[7-Float32] PASSED          [ 21%]
tests/test_lib.py::test_output_type_for_level[8-Float32] PASSED          [ 22%]
tests/test_lib.py::test_output_type_for_level[9-Float32] PASSED          [ 22%]
tests/test_lib.py::test_output_type_accepts_an_int_level PASSED          [ 22%]
tests/test_lib.py::test_predictor_for_type[Int16-2] PASSED               [ 23%]
tests/test_lib.py::test_predictor_for_type[Float32-3] PASSED             [ 23%]
tests/test_lib.py::test_predictor_follows_the_level_through_the_shared_helpers PASSED [ 23%]
tests/test_lib.py::test_todms[0.0-expect0] PASSED                        [ 23%]
tests/test_lib.py::test_todms[55.5-expect1] PASSED                       [ 24%]
tests/test_lib.py::test_todms[12.0-expect2] PASSED                       [ 24%]
tests/test_lib.py::test_todms[-33.75-expect3] PASSED                     [ 24%]
tests/test_lib.py::test_todms[0.016666666666666666-expect4] PASSED       [ 25%]
tests/test_lib.py::test_todms_rounds_away_the_59_999_artefact PASSED     [ 25%]
tests/test_lib.py::test_geo_level_0_to_3_use_the_short_form PASSED       [ 25%]
tests/test_lib.py::test_geo_level_5_carries_degrees_and_minutes PASSED   [ 25%]
tests/test_lib.py::test_geo_level_8_carries_degrees_minutes_and_seconds PASSED [ 26%]
tests/test_lib.py::test_geo_southern_and_western_hemispheres PASSED      [ 26%]
tests/test_lib.py::test_geo_organisation_code_is_the_second_subfield PASSED [ 26%]
tests/test_lib.py::test_geo_latitude_is_two_digits_and_longitude_three PASSED [ 26%]
tests/test_lib.py::test_utm_name_field_widths_match_the_spec_form[4b] PASSED [ 27%]
tests/test_lib.py::test_utm_name_field_widths_match_the_spec_form[4] PASSED [ 27%]
tests/test_lib.py::test_utm_name_field_widths_match_the_spec_form[5] PASSED [ 27%]
tests/test_lib.py::test_utm_name_field_widths_match_the_spec_form[6] PASSED [ 28%]
tests/test_lib.py::test_utm_name_field_widths_match_the_spec_form[7] PASSED [ 28%]
tests/test_lib.py::test_utm_name_field_widths_match_the_spec_form[8] PASSED [ 28%]
tests/test_lib.py::test_utm_name_field_widths_match_the_spec_form[9] PASSED [ 28%]
tests/test_lib.py::test_utm_names_are_zero_padded PASSED                 [ 29%]
tests/test_lib.py::test_utm_name_on_the_equator_is_not_a_single_zero PASSED [ 29%]
tests/test_lib.py::test_utm_level_7_uses_the_full_metre_form PASSED      [ 29%]
tests/test_lib.py::test_utm_organisation_code PASSED                     [ 29%]
tests/test_lib.py::test_every_utm_name_has_the_declared_field_widths[32N-4b] PASSED [ 30%]
tests/test_lib.py::test_every_utm_name_has_the_declared_field_widths[32N-4] PASSED [ 30%]
tests/test_lib.py::test_every_utm_name_has_the_declared_field_widths[32N-5] PASSED [ 30%]
tests/test_lib.py::test_every_utm_name_has_the_declared_field_widths[32N-6] PASSED [ 31%]
tests/test_lib.py::test_every_utm_name_has_the_declared_field_widths[32N-7] PASSED [ 31%]
tests/test_lib.py::test_every_utm_name_has_the_declared_field_widths[32N-8] PASSED [ 31%]
tests/test_lib.py::test_every_utm_name_has_the_declared_field_widths[32N-9] PASSED [ 31%]
tests/test_lib.py::test_every_utm_name_has_the_declared_field_widths[09S-4b] PASSED [ 32%]
tests/test_lib.py::test_every_utm_name_has_the_declared_field_widths[09S-4] PASSED [ 32%]
tests/test_lib.py::test_every_utm_name_has_the_declared_field_widths[09S-5] PASSED [ 32%]
tests/test_lib.py::test_every_utm_name_has_the_declared_field_widths[09S-6] PASSED [ 32%]
tests/test_lib.py::test_every_utm_name_has_the_declared_field_widths[09S-7] PASSED [ 33%]
tests/test_lib.py::test_every_utm_name_has_the_declared_field_widths[09S-8] PASSED [ 33%]
tests/test_lib.py::test_every_utm_name_has_the_declared_field_widths[09S-9] PASSED [ 33%]
tests/test_lib.py::test_every_utm_name_has_the_declared_field_widths[01N-4b] PASSED [ 34%]
tests/test_lib.py::test_every_utm_name_has_the_declared_field_widths[01N-4] PASSED [ 34%]
tests/test_lib.py::test_every_utm_name_has_the_declared_field_widths[01N-5] PASSED [ 34%]
tests/test_lib.py::test_every_utm_name_has_the_declared_field_widths[01N-6] PASSED [ 34%]
tests/test_lib.py::test_every_utm_name_has_the_declared_field_widths[01N-7] PASSED [ 35%]
tests/test_lib.py::test_every_utm_name_has_the_declared_field_widths[01N-8] PASSED [ 35%]
tests/test_lib.py::test_every_utm_name_has_the_declared_field_widths[01N-9] PASSED [ 35%]
tests/test_lib.py::test_every_utm_name_has_the_declared_field_widths[60S-4b] PASSED [ 35%]
tests/test_lib.py::test_every_utm_name_has_the_declared_field_widths[60S-4] PASSED [ 36%]
tests/test_lib.py::test_every_utm_name_has_the_declared_field_widths[60S-5] PASSED [ 36%]
tests/test_lib.py::test_every_utm_name_has_the_declared_field_widths[60S-6] PASSED [ 36%]
tests/test_lib.py::test_every_utm_name_has_the_declared_field_widths[60S-7] PASSED [ 37%]
tests/test_lib.py::test_every_utm_name_has_the_declared_field_widths[60S-8] PASSED [ 37%]
tests/test_lib.py::test_every_utm_name_has_the_declared_field_widths[60S-9] PASSED [ 37%]
tests/test_lib.py::test_warp_extent_is_half_post_expanded PASSED         [ 37%]
tests/test_lib.py::test_warp_extent_gives_a_whole_number_of_posts_plus_one PASSED [ 38%]
tests/test_lib.py::test_adjacent_tiles_agree_on_their_shared_boundary_exactly PASSED [ 38%]
tests/test_lib.py::test_warp_extent_is_reproducible_across_call_paths PASSED [ 38%]
tests/test_lib.py::test_the_default_source_type_is_valid_and_silent PASSED [ 39%]
tests/test_lib.py::test_every_defined_source_code_is_accepted[A] PASSED  [ 39%]
tests/test_lib.py::test_every_defined_source_code_is_accepted[B] PASSED  [ 39%]
tests/test_lib.py::test_every_defined_source_code_is_accepted[C] PASSED  [ 39%]
tests/test_lib.py::test_every_defined_source_code_is_accepted[F] PASSED  [ 40%]
tests/test_lib.py::test_every_defined_source_code_is_accepted[G] PASSED  [ 40%]
tests/test_lib.py::test_every_defined_source_code_is_accepted[H] PASSED  [ 40%]
tests/test_lib.py::test_every_defined_source_code_is_accepted[K] PASSED  [ 40%]
tests/test_lib.py::test_every_defined_source_code_is_accepted[L] PASSED  [ 41%]
tests/test_lib.py::test_every_defined_source_code_is_accepted[M] PASSED  [ 41%]
tests/test_lib.py::test_every_defined_source_code_is_accepted[N] PASSED  [ 41%]
tests/test_lib.py::test_every_defined_source_code_is_accepted[O] PASSED  [ 42%]
tests/test_lib.py::test_every_defined_source_code_is_accepted[P] PASSED  [ 42%]
tests/test_lib.py::test_every_defined_source_code_is_accepted[T] PASSED  [ 42%]
tests/test_lib.py::test_every_defined_source_code_is_accepted[U] PASSED  [ 42%]
tests/test_lib.py::test_every_defined_source_code_is_accepted[V] PASSED  [ 43%]
tests/test_lib.py::test_every_defined_source_code_is_accepted[X] PASSED  [ 43%]
tests/test_lib.py::test_every_defined_source_code_is_accepted[Y] PASSED  [ 43%]
tests/test_lib.py::test_reserved_codes_are_reported_as_reserved_not_unknown[D] PASSED [ 43%]
tests/test_lib.py::test_reserved_codes_are_reported_as_reserved_not_unknown[E] PASSED [ 44%]
tests/test_lib.py::test_reserved_codes_are_reported_as_reserved_not_unknown[I] PASSED [ 44%]
tests/test_lib.py::test_reserved_codes_are_reported_as_reserved_not_unknown[J] PASSED [ 44%]
tests/test_lib.py::test_reserved_codes_are_reported_as_reserved_not_unknown[Q] PASSED [ 45%]
tests/test_lib.py::test_reserved_codes_are_reported_as_reserved_not_unknown[R] PASSED [ 45%]
tests/test_lib.py::test_reserved_codes_are_reported_as_reserved_not_unknown[S] PASSED [ 45%]
tests/test_lib.py::test_reserved_codes_are_reported_as_reserved_not_unknown[W] PASSED [ 45%]
tests/test_lib.py::test_reserved_codes_are_reported_as_reserved_not_unknown[Z] PASSED [ 46%]
tests/test_lib.py::test_an_unknown_code_is_rejected_with_the_valid_list PASSED [ 46%]
tests/test_lib.py::test_source_code_check_is_case_insensitive_and_strips PASSED [ 46%]
tests/test_lib.py::test_reserved_and_defined_codes_do_not_overlap PASSED [ 46%]
tests/test_lib.py::test_auto_downsampling_uses_average PASSED            [ 47%]
tests/test_lib.py::test_auto_upsampling_uses_bilinear PASSED             [ 47%]
tests/test_lib.py::test_auto_near_equal_resolution_uses_bilinear PASSED  [ 47%]
tests/test_lib.py::test_auto_never_picks_an_overshoot_prone_resampler PASSED [ 48%]
tests/test_lib.py::test_an_explicit_override_always_wins[near] PASSED    [ 48%]
tests/test_lib.py::test_an_explicit_override_always_wins[bilinear] PASSED [ 48%]
tests/test_lib.py::test_an_explicit_override_always_wins[cubic] PASSED   [ 48%]
tests/test_lib.py::test_an_explicit_override_always_wins[cubicspline] PASSED [ 49%]
tests/test_lib.py::test_an_explicit_override_always_wins[average] PASSED [ 49%]
tests/test_lib.py::test_an_explicit_override_always_wins[lanczos] PASSED [ 49%]
tests/test_lib.py::test_overshoot_prone_set_is_exactly_the_cubic_family PASSED [ 50%]
tests/test_lib.py::test_validate_resampler_accepts_every_documented_value[auto] PASSED [ 50%]
tests/test_lib.py::test_validate_resampler_accepts_every_documented_value[average] PASSED [ 50%]
tests/test_lib.py::test_validate_resampler_accepts_every_documented_value[bilinear] PASSED [ 50%]
tests/test_lib.py::test_validate_resampler_accepts_every_documented_value[cubic] PASSED [ 51%]
tests/test_lib.py::test_validate_resampler_accepts_every_documented_value[cubicspline] PASSED [ 51%]
tests/test_lib.py::test_validate_resampler_accepts_every_documented_value[lanczos] PASSED [ 51%]
tests/test_lib.py::test_validate_resampler_accepts_every_documented_value[max] PASSED [ 51%]
tests/test_lib.py::test_validate_resampler_accepts_every_documented_value[med] PASSED [ 52%]
tests/test_lib.py::test_validate_resampler_accepts_every_documented_value[min] PASSED [ 52%]
tests/test_lib.py::test_validate_resampler_accepts_every_documented_value[near] PASSED [ 52%]
tests/test_lib.py::test_validate_resampler_accepts_every_documented_value[optimize] PASSED [ 53%]
tests/test_lib.py::test_validate_resampler_accepts_every_documented_value[q1] PASSED [ 53%]
tests/test_lib.py::test_validate_resampler_accepts_every_documented_value[q3] PASSED [ 53%]
tests/test_lib.py::test_validate_resampler_accepts_every_documented_value[rms] PASSED [ 53%]
tests/test_lib.py::test_validate_resampler_normalises_case_and_whitespace PASSED [ 54%]
tests/test_lib.py::test_validate_resampler_defaults_to_auto PASSED       [ 54%]
tests/test_lib.py::test_validate_resampler_rejects_anything_else[bilinier] PASSED [ 54%]
tests/test_lib.py::test_validate_resampler_rejects_anything_else[nearest] PASSED [ 54%]
tests/test_lib.py::test_validate_resampler_rejects_anything_else[cubic-spline] PASSED [ 55%]
tests/test_lib.py::test_validate_resampler_rejects_anything_else[none] PASSED [ 55%]
tests/test_lib.py::test_validate_resampler_rejects_anything_else[mode] PASSED [ 55%]
tests/test_lib.py::test_validate_resampler_rejects_anything_else[NEAREST_NEIGHBOR] PASSED [ 56%]
tests/test_lib.py::test_a_bad_resampler_is_caught_before_any_warp PASSED [ 56%]
tests/test_lib.py::test_require_epsg_passes_a_real_code_through PASSED   [ 56%]
tests/test_lib.py::test_require_epsg_rejects_a_missing_code_with_the_file_name[None] PASSED [ 56%]
tests/test_lib.py::test_require_epsg_rejects_a_missing_code_with_the_file_name[] PASSED [ 57%]
tests/test_lib.py::test_require_epsg_rejects_a_missing_code_with_the_file_name[   ] PASSED [ 57%]
tests/test_lib.py::test_require_gdalwarp_reports_the_path_or_explains_the_fix PASSED [ 57%]
tests/test_lib.py::test_gdal_exceptions_are_explicitly_configured PASSED [ 57%]
tests/test_lib.py::test_gdal_ogr_osr_share_one_exception_flag PASSED     [ 58%]
tests/test_lib.py::test_gdal_open_returns_none_instead_of_raising PASSED [ 58%]
tests/test_lib.py::test_quick_raster_range_degrades_instead_of_crashing PASSED [ 58%]
tests/test_lib.py::test_clamp_tile_to_range_degrades_on_an_unreadable_tile PASSED [ 59%]
tests/test_lib.py::test_plain_elevation_raises_nothing PASSED            [ 59%]
tests/test_lib.py::test_filename_hint_alone_is_only_a_warning PASSED     [ 59%]
tests/test_lib.py::test_angular_range_alone_is_only_a_warning PASSED     [ 59%]
tests/test_lib.py::test_both_signals_together_block PASSED               [ 60%]
tests/test_lib.py::test_the_real_aspect_raster_that_motivated_the_v036_widening PASSED [ 60%]
tests/test_lib.py::test_an_unreadable_raster_never_blocks_a_conversion PASSED [ 60%]
tests/test_lib.py::test_angular_classifier_is_shared_so_it_cannot_drift PASSED [ 60%]
tests/test_lib.py::test_compute_tile_stats_ignores_nodata PASSED         [ 61%]
tests/test_lib.py::test_compute_tile_stats_on_an_all_nodata_tile PASSED  [ 61%]
tests/test_lib.py::test_compute_tile_stats_raises_on_an_unreadable_file PASSED [ 61%]
tests/test_lib.py::test_nodata_value_is_the_one_the_converters_pass_to_gdalwarp PASSED [ 62%]
tests/test_lib.py::test_toc_filename_is_the_spec_name PASSED             [ 62%]
tests/test_lib.py::test_classification_words_cover_every_spec_class PASSED [ 62%]
tests/test_lib.py::test_run_cmd_returns_127_for_a_missing_executable PASSED [ 62%]
tests/test_lib.py::test_plain_print_really_does_fail_on_a_legacy_console PASSED [ 63%]
tests/test_lib.py::test_safe_print_survives_an_unencodable_console PASSED [ 63%]
tests/test_lib.py::test_safe_print_handles_an_unencodable_path_in_a_message PASSED [ 63%]
tests/test_lib.py::test_the_packaging_scripts_contain_no_non_ascii PASSED [ 64%]
tests/test_lib.py::test_create_version_file_preserves_the_changelog PASSED [ 64%]
tests/test_lib.py::test_create_version_file_writes_a_stub_when_none_exists PASSED [ 64%]
tests/test_lib.py::test_the_shipped_version_txt_still_has_its_recent_entries PASSED [ 64%]
tests/test_lib.py::test_dem2dged_env_imports_with_nothing_installed PASSED [ 65%]
tests/test_lib.py::test_the_wrong_interpreter_message_names_the_command_form PASSED [ 65%]
tests/test_lib.py::test_the_right_interpreter_message_does_suggest_installing PASSED [ 65%]
tests/test_lib.py::test_no_active_environment_is_reported_as_such PASSED [ 65%]
tests/test_validator.py::test_the_validator_module_is_complete PASSED    [ 66%]
tests/test_validator.py::test_the_validator_reports_the_library_version PASSED [ 66%]
tests/test_validator.py::test_nodata_matches_what_the_converters_write PASSED [ 66%]
tests/test_validator.py::test_the_sane_elevation_band_brackets_the_real_extremes PASSED [ 67%]
tests/test_validator.py::test_overall_result_is_one_three_tier_rule[10-0-0-PASS] PASSED [ 67%]
tests/test_validator.py::test_overall_result_is_one_three_tier_rule[10-3-0-WARN] PASSED [ 67%]
tests/test_validator.py::test_overall_result_is_one_three_tier_rule[10-0-1-FAIL] PASSED [ 67%]
tests/test_validator.py::test_overall_result_is_one_three_tier_rule[10-3-1-FAIL] PASSED [ 68%]
tests/test_validator.py::test_overall_result_is_one_three_tier_rule[0-0-0-PASS] PASSED [ 68%]
tests/test_validator.py::test_overall_result_is_one_three_tier_rule[0-1-0-WARN] PASSED [ 68%]
tests/test_validator.py::test_overall_result_is_one_three_tier_rule[0-0-5-FAIL] PASSED [ 68%]
tests/test_validator.py::test_a_warning_alone_is_not_a_failing_exit_code PASSED [ 69%]
tests/test_validator.py::test_every_geo_name_the_converter_builds_parses_back[-0] PASSED [ 69%]
tests/test_validator.py::test_every_geo_name_the_converter_builds_parses_back[-1] PASSED [ 69%]
tests/test_validator.py::test_every_geo_name_the_converter_builds_parses_back[-2] PASSED [ 70%]
tests/test_validator.py::test_every_geo_name_the_converter_builds_parses_back[-3] PASSED [ 70%]
tests/test_validator.py::test_every_geo_name_the_converter_builds_parses_back[-4b] PASSED [ 70%]
tests/test_validator.py::test_every_geo_name_the_converter_builds_parses_back[-4] PASSED [ 70%]
tests/test_validator.py::test_every_geo_name_the_converter_builds_parses_back[-5] PASSED [ 71%]
tests/test_validator.py::test_every_geo_name_the_converter_builds_parses_back[-6] PASSED [ 71%]
tests/test_validator.py::test_every_geo_name_the_converter_builds_parses_back[-7] PASSED [ 71%]
tests/test_validator.py::test_every_geo_name_the_converter_builds_parses_back[-8] PASSED [ 71%]
tests/test_validator.py::test_every_geo_name_the_converter_builds_parses_back[-9] PASSED [ 72%]
tests/test_validator.py::test_every_geo_name_the_converter_builds_parses_back[DNK-0] PASSED [ 72%]
tests/test_validator.py::test_every_geo_name_the_converter_builds_parses_back[DNK-1] PASSED [ 72%]
tests/test_validator.py::test_every_geo_name_the_converter_builds_parses_back[DNK-2] PASSED [ 73%]
tests/test_validator.py::test_every_geo_name_the_converter_builds_parses_back[DNK-3] PASSED [ 73%]
tests/test_validator.py::test_every_geo_name_the_converter_builds_parses_back[DNK-4b] PASSED [ 73%]
tests/test_validator.py::test_every_geo_name_the_converter_builds_parses_back[DNK-4] PASSED [ 73%]
tests/test_validator.py::test_every_geo_name_the_converter_builds_parses_back[DNK-5] PASSED [ 74%]
tests/test_validator.py::test_every_geo_name_the_converter_builds_parses_back[DNK-6] PASSED [ 74%]
tests/test_validator.py::test_every_geo_name_the_converter_builds_parses_back[DNK-7] PASSED [ 74%]
tests/test_validator.py::test_every_geo_name_the_converter_builds_parses_back[DNK-8] PASSED [ 75%]
tests/test_validator.py::test_every_geo_name_the_converter_builds_parses_back[DNK-9] PASSED [ 75%]
tests/test_validator.py::test_every_utm_name_the_converter_builds_parses_back[32N-4b] PASSED [ 75%]
tests/test_validator.py::test_every_utm_name_the_converter_builds_parses_back[32N-4] PASSED [ 75%]
tests/test_validator.py::test_every_utm_name_the_converter_builds_parses_back[32N-5] PASSED [ 76%]
tests/test_validator.py::test_every_utm_name_the_converter_builds_parses_back[32N-6] PASSED [ 76%]
tests/test_validator.py::test_every_utm_name_the_converter_builds_parses_back[32N-7] PASSED [ 76%]
tests/test_validator.py::test_every_utm_name_the_converter_builds_parses_back[32N-8] PASSED [ 76%]
tests/test_validator.py::test_every_utm_name_the_converter_builds_parses_back[32N-9] PASSED [ 77%]
tests/test_validator.py::test_every_utm_name_the_converter_builds_parses_back[09S-4b] PASSED [ 77%]
tests/test_validator.py::test_every_utm_name_the_converter_builds_parses_back[09S-4] PASSED [ 77%]
tests/test_validator.py::test_every_utm_name_the_converter_builds_parses_back[09S-5] PASSED [ 78%]
tests/test_validator.py::test_every_utm_name_the_converter_builds_parses_back[09S-6] PASSED [ 78%]
tests/test_validator.py::test_every_utm_name_the_converter_builds_parses_back[09S-7] PASSED [ 78%]
tests/test_validator.py::test_every_utm_name_the_converter_builds_parses_back[09S-8] PASSED [ 78%]
tests/test_validator.py::test_every_utm_name_the_converter_builds_parses_back[09S-9] PASSED [ 79%]
tests/test_validator.py::test_every_utm_name_the_converter_builds_parses_back[01N-4b] PASSED [ 79%]
tests/test_validator.py::test_every_utm_name_the_converter_builds_parses_back[01N-4] PASSED [ 79%]
tests/test_validator.py::test_every_utm_name_the_converter_builds_parses_back[01N-5] PASSED [ 79%]
tests/test_validator.py::test_every_utm_name_the_converter_builds_parses_back[01N-6] PASSED [ 80%]
tests/test_validator.py::test_every_utm_name_the_converter_builds_parses_back[01N-7] PASSED [ 80%]
tests/test_validator.py::test_every_utm_name_the_converter_builds_parses_back[01N-8] PASSED [ 80%]
tests/test_validator.py::test_every_utm_name_the_converter_builds_parses_back[01N-9] PASSED [ 81%]
tests/test_validator.py::test_every_utm_name_the_converter_builds_parses_back[60S-4b] PASSED [ 81%]
tests/test_validator.py::test_every_utm_name_the_converter_builds_parses_back[60S-4] PASSED [ 81%]
tests/test_validator.py::test_every_utm_name_the_converter_builds_parses_back[60S-5] PASSED [ 81%]
tests/test_validator.py::test_every_utm_name_the_converter_builds_parses_back[60S-6] PASSED [ 82%]
tests/test_validator.py::test_every_utm_name_the_converter_builds_parses_back[60S-7] PASSED [ 82%]
tests/test_validator.py::test_every_utm_name_the_converter_builds_parses_back[60S-8] PASSED [ 82%]
tests/test_validator.py::test_every_utm_name_the_converter_builds_parses_back[60S-9] PASSED [ 82%]
tests/test_validator.py::test_a_geo_name_never_matches_the_utm_pattern_and_vice_versa PASSED [ 83%]
tests/test_validator.py::test_the_pre_v034_unpadded_utm_name_still_PARSES PASSED [ 83%]
tests/test_validator.py::test_the_pre_v027_geo_legacy_form_still_parses PASSED [ 83%]
tests/test_validator.py::test_malformed_names_are_rejected_by_both_patterns[DGEDL5GtD_5530N01212E_A_U_1] PASSED [ 84%]
tests/test_validator.py::test_malformed_names_are_rejected_by_both_patterns[DGEDL5GtD_5530X01212E_A_U_01] PASSED [ 84%]
tests/test_validator.py::test_malformed_names_are_rejected_by_both_patterns[DGED5GtD_5530N01212E_A_U_01] PASSED [ 84%]
tests/test_validator.py::test_malformed_names_are_rejected_by_both_patterns[DGEDL5GtD_5530N01212E_A_U] PASSED [ 84%]
tests/test_validator.py::test_malformed_names_are_rejected_by_both_patterns[random_file_name] PASSED [ 85%]
tests/test_validator.py::test_malformed_names_are_rejected_by_both_patterns[DGEDL5UtD_32N0500_400_A_U] PASSED [ 85%]
tests/test_validator.py::test_dms_to_deg[27-True-27.0] PASSED            [ 85%]
tests/test_validator.py::test_dms_to_deg[5530-True-55.5] PASSED          [ 85%]
tests/test_validator.py::test_dms_to_deg[553000-True-55.5] PASSED        [ 86%]
tests/test_validator.py::test_dms_to_deg[056-False-56.0] PASSED          [ 86%]
tests/test_validator.py::test_dms_to_deg[01212-False-12.2] PASSED        [ 86%]
tests/test_validator.py::test_dms_to_deg[0121200-False-12.2] PASSED      [ 87%]
tests/test_validator.py::test_the_validators_longitude_zone_lookup_matches_the_converters PASSED [ 87%]
tests/test_validator.py::test_geo_level_params_come_from_the_shared_table[0] PASSED [ 87%]
tests/test_validator.py::test_geo_level_params_come_from_the_shared_table[1] PASSED [ 87%]
tests/test_validator.py::test_geo_level_params_come_from_the_shared_table[2] PASSED [ 88%]
tests/test_validator.py::test_geo_level_params_come_from_the_shared_table[3] PASSED [ 88%]
tests/test_validator.py::test_geo_level_params_come_from_the_shared_table[4b] PASSED [ 88%]
tests/test_validator.py::test_geo_level_params_come_from_the_shared_table[4] PASSED [ 89%]
tests/test_validator.py::test_geo_level_params_come_from_the_shared_table[5] PASSED [ 89%]
tests/test_validator.py::test_geo_level_params_come_from_the_shared_table[6] PASSED [ 89%]
tests/test_validator.py::test_geo_level_params_come_from_the_shared_table[7] PASSED [ 89%]
tests/test_validator.py::test_geo_level_params_come_from_the_shared_table[8] PASSED [ 90%]
tests/test_validator.py::test_geo_level_params_come_from_the_shared_table[9] PASSED [ 90%]
tests/test_validator.py::test_utm_level_params_come_from_the_shared_table[4b] PASSED [ 90%]
tests/test_validator.py::test_utm_level_params_come_from_the_shared_table[4] PASSED [ 90%]
tests/test_validator.py::test_utm_level_params_come_from_the_shared_table[5] PASSED [ 91%]
tests/test_validator.py::test_utm_level_params_come_from_the_shared_table[6] PASSED [ 91%]
tests/test_validator.py::test_utm_level_params_come_from_the_shared_table[7] PASSED [ 91%]
tests/test_validator.py::test_utm_level_params_come_from_the_shared_table[8] PASSED [ 92%]
tests/test_validator.py::test_utm_level_params_come_from_the_shared_table[9] PASSED [ 92%]
tests/test_validator.py::test_an_unknown_level_returns_nothing_rather_than_raising PASSED [ 92%]
tests/test_validator.py::test_delivery_level_xml_is_not_treated_as_a_missing_tile_sidecar PASSED [ 92%]
tests/test_validator.py::test_an_unreplaced_placeholder_is_detected PASSED [ 93%]
tests/test_validator.py::test_pixel_centre_origin_tolerance PASSED       [ 93%]
tests/test_validator.py::test_both_dash_spellings_are_accepted[-html-report] PASSED [ 93%]
tests/test_validator.py::test_both_dash_spellings_are_accepted[--html-report] PASSED [ 93%]
tests/test_validator.py::test_every_option_has_both_spellings[-src] PASSED [ 94%]
tests/test_validator.py::test_every_option_has_both_spellings[--src] PASSED [ 94%]
tests/test_validator.py::test_every_option_has_both_spellings[-report] PASSED [ 94%]
tests/test_validator.py::test_every_option_has_both_spellings[--report] PASSED [ 95%]
tests/test_validator.py::test_every_option_has_both_spellings[-max-diff] PASSED [ 95%]
tests/test_validator.py::test_every_option_has_both_spellings[--max-diff] PASSED [ 95%]
tests/test_validator.py::test_every_option_has_both_spellings[-resample] PASSED [ 95%]
tests/test_validator.py::test_every_option_has_both_spellings[--resample] PASSED [ 96%]
tests/test_validator.py::test_resample_defaults_to_bilinear_for_a_standalone_run PASSED [ 96%]
tests/test_validator.py::test_emit_survives_an_unencodable_console PASSED [ 96%]
tests/test_validator.py::test_write_text_report_reports_failure_instead_of_raising PASSED [ 96%]
tests/test_validator.py::test_write_text_report_round_trips PASSED       [ 97%]
tests/test_validator.py::test_a_corrupt_tile_is_reported_not_crashed PASSED [ 97%]
tests/test_validator.py::test_a_whole_folder_of_junk_still_produces_a_report PASSED [ 97%]
tests/test_validator.py::test_an_unreadable_src_is_a_clean_fail_not_a_crash PASSED [ 98%]
tests/test_validator.py::test_report_counts_each_status_once PASSED      [ 98%]
tests/test_validator.py::test_the_worst_status_wins_for_a_tile_criterion PASSED [ 98%]
tests/test_validator.py::test_tile_order_is_first_seen_order PASSED      [ 98%]
tests/test_validator.py::test_every_declared_tile_category_is_a_two_tuple PASSED [ 99%]
tests/test_validator.py::test_html_report_renders_without_a_dataset PASSED [ 99%]
tests/test_validator.py::test_html_report_escapes_a_hostile_dataset_name PASSED [ 99%]
tests/test_validator.py::test_find_tiles_returns_tifs_and_xmls_separately PASSED [100%]

======================= 364 passed in 79.29s (0:01:19) ========================
