<?xml version="1.0" encoding="utf-8"?><testsuites name="pytest tests"><testsuite name="pytest" errors="0" failures="0" skipped="0" tests="384" time="76.471" timestamp="2026-08-19T13:13:05.560982-04:00" hostname="MCE-ENG-i112370"><testcase classname="tests.test_compliance" name="test_level_4b_values_and_mountain_allowance" time="0.001" /><testcase classname="tests.test_compliance" name="test_coarser_source_cannot_claim_finer_level" time="0.000" /><testcase classname="tests.test_compliance" name="test_missing_independent_reference_is_not_a_pass" time="0.000" /><testcase classname="tests.test_compliance" name="test_absolute_accuracy_goal_does_not_replace_mandatory_checks" time="0.000" /><testcase classname="tests.test_compliance" name="test_geographic_source_gsd_is_converted_to_metres" time="0.001" /><testcase classname="tests.test_compliance" name="test_report_preserves_not_evaluated_state" time="0.001" /><testcase classname="tests.test_compliance" name="test_consolidated_statistics_and_html_are_written" time="0.012" /><testcase classname="tests.test_compliance" name="test_validator_compliance_call_writes_stable_consolidated_names" time="0.068" /><testcase classname="tests.test_converters" name="test_geo_conversion_produces_paired_tif_and_xml" time="3.292" /><testcase classname="tests.test_converters" name="test_geo_conversion_returns_the_resolved_resampler" time="3.295" /><testcase classname="tests.test_converters" name="test_geo_tiles_have_the_spec_header_profile" time="3.356" /><testcase classname="tests.test_converters" name="test_geo_data_type_is_level_aware[2-Int16]" time="0.271" /><testcase classname="tests.test_converters" name="test_geo_data_type_is_level_aware[5-Float32]" time="3.266" /><testcase classname="tests.test_converters" name="test_geo_lzw_predictor_matches_the_data_type[2-2]" time="0.283" /><testcase classname="tests.test_converters" name="test_geo_lzw_predictor_matches_the_data_type[5-3]" time="3.273" /><testcase classname="tests.test_converters" name="test_geo_tile_dimensions_include_the_shared_post" time="3.299" /><testcase classname="tests.test_converters" name="test_geo_origin_is_half_a_post_outside_the_nominal_corner" time="3.298" /><testcase classname="tests.test_converters" name="test_geo_names_parse_and_agree_with_the_georeferencing" time="3.376" /><testcase classname="tests.test_converters" name="test_no_pure_nodata_row_or_column_of_tiles" time="4.370" /><testcase classname="tests.test_converters" name="test_geo_adjacent_tiles_share_a_bit_identical_column" time="3.380" /><testcase classname="tests.test_converters" name="test_a_two_by_two_tile_grid_matches_on_every_seam_and_corner" time="0.459" /><testcase classname="tests.test_converters" name="test_level_0_tiles_are_int16_with_predictor_2" time="0.450" /><testcase classname="tests.test_converters" name="test_geo_sidecars_are_well_formed_and_fully_substituted" time="3.325" /><testcase classname="tests.test_converters" name="test_delivery_level_metadata_is_written" time="3.295" /><testcase classname="tests.test_converters" name="test_rerunning_skips_existing_tiles" time="3.289" /><testcase classname="tests.test_converters" name="test_utm_conversion_produces_tiles" time="2.273" /><testcase classname="tests.test_converters" name="test_utm_names_are_zero_padded_on_disk" time="2.406" /><testcase classname="tests.test_converters" name="test_utm_tile_is_the_declared_number_of_posts" time="2.415" /><testcase classname="tests.test_converters" name="test_utm_adjacent_tiles_share_an_identical_edge" time="2.393" /><testcase classname="tests.test_converters" name="test_utm_northing_is_never_negative" time="1.291" /><testcase classname="tests.test_converters" name="test_cubic_overshoot_is_clamped_to_the_source_range" time="2.335" /><testcase classname="tests.test_converters" name="test_auto_resampling_never_needs_clamping" time="1.429" /><testcase classname="tests.test_converters" name="test_a_bad_resampler_stops_before_any_tile_is_written" time="0.080" /><testcase classname="tests.test_converters" name="test_an_untagged_source_fails_with_a_message_naming_the_file" time="0.015" /><testcase classname="tests.test_converters" name="test_an_unknown_level_is_rejected_with_the_valid_list" time="0.061" /><testcase classname="tests.test_converters" name="test_an_invalid_utm_zone_is_rejected[32X]" time="0.152" /><testcase classname="tests.test_converters" name="test_an_invalid_utm_zone_is_rejected[0N]" time="0.144" /><testcase classname="tests.test_converters" name="test_an_invalid_utm_zone_is_rejected[61N]" time="0.145" /><testcase classname="tests.test_converters" name="test_an_invalid_utm_zone_is_rejected[abc]" time="0.147" /><testcase classname="tests.test_converters" name="test_a_fresh_geo_delivery_validates_clean" time="5.125" /><testcase classname="tests.test_converters" name="test_a_fresh_utm_delivery_validates_clean" time="3.990" /><testcase classname="tests.test_converters" name="test_both_report_formats_are_written" time="5.161" /><testcase classname="tests.test_lib" name="test_version_is_a_semantic_three_part_string" time="0.001" /><testcase classname="tests.test_lib" name="test_version_display_matches_version_when_no_release_stage" time="0.001" /><testcase classname="tests.test_lib" name="test_every_module_declares_the_library_version_in_its_header[dem2dged.py]" time="0.001" /><testcase classname="tests.test_lib" name="test_every_module_declares_the_library_version_in_its_header[dem2dged_geo.py]" time="0.001" /><testcase classname="tests.test_lib" name="test_every_module_declares_the_library_version_in_its_header[dem2dged_utm.py]" time="0.001" /><testcase classname="tests.test_lib" name="test_every_module_declares_the_library_version_in_its_header[dem2dged_lib.py]" time="0.001" /><testcase classname="tests.test_lib" name="test_every_module_declares_the_library_version_in_its_header[dem2dged_validate.py]" time="0.001" /><testcase classname="tests.test_lib" name="test_every_module_declares_the_library_version_in_its_header[dem2dged_compare.py]" time="0.001" /><testcase classname="tests.test_lib" name="test_every_module_declares_the_library_version_in_its_header[dem2dged_gui.py]" time="0.001" /><testcase classname="tests.test_lib" name="test_version_txt_agrees_with_the_library" time="0.001" /><testcase classname="tests.test_lib" name="test_geo_levels_are_the_eleven_the_spec_defines" time="0.001" /><testcase classname="tests.test_lib" name="test_utm_levels_start_at_4b" time="0.001" /><testcase classname="tests.test_lib" name="test_every_longitude_zone_factor_divides_the_geo_tile_evenly[0-60-30-A]" time="0.002" /><testcase classname="tests.test_lib" name="test_every_longitude_zone_factor_divides_the_geo_tile_evenly[1-60-3-A]" time="0.001" /><testcase classname="tests.test_lib" name="test_every_longitude_zone_factor_divides_the_geo_tile_evenly[2-60-1-A]" time="0.001" /><testcase classname="tests.test_lib" name="test_every_longitude_zone_factor_divides_the_geo_tile_evenly[3-60-0.4-A]" time="0.002" /><testcase classname="tests.test_lib" name="test_every_longitude_zone_factor_divides_the_geo_tile_evenly[4b-15-0.15-C]" time="0.001" /><testcase classname="tests.test_lib" name="test_every_longitude_zone_factor_divides_the_geo_tile_evenly[4-15-0.12-C]" time="0.001" /><testcase classname="tests.test_lib" name="test_every_longitude_zone_factor_divides_the_geo_tile_evenly[5-6-0.06-D]" time="0.001" /><testcase classname="tests.test_lib" name="test_every_longitude_zone_factor_divides_the_geo_tile_evenly[6-3-0.03-E]" time="0.001" /><testcase classname="tests.test_lib" name="test_every_longitude_zone_factor_divides_the_geo_tile_evenly[7-1.5-0.015-F]" time="0.001" /><testcase classname="tests.test_lib" name="test_every_longitude_zone_factor_divides_the_geo_tile_evenly[8-1.5-0.0075-F]" time="0.001" /><testcase classname="tests.test_lib" name="test_every_longitude_zone_factor_divides_the_geo_tile_evenly[9-1.5-0.00375-F]" time="0.001" /><testcase classname="tests.test_lib" name="test_longitude_zones_tile_the_whole_globe_without_gaps" time="0.001" /><testcase classname="tests.test_lib" name="test_longitude_zones_are_symmetric_about_the_equator" time="0.001" /><testcase classname="tests.test_lib" name="test_accuracy_defaults_exist_for_every_level[0]" time="0.001" /><testcase classname="tests.test_lib" name="test_accuracy_defaults_exist_for_every_level[1]" time="0.001" /><testcase classname="tests.test_lib" name="test_accuracy_defaults_exist_for_every_level[2]" time="0.001" /><testcase classname="tests.test_lib" name="test_accuracy_defaults_exist_for_every_level[3]" time="0.001" /><testcase classname="tests.test_lib" name="test_accuracy_defaults_exist_for_every_level[4b]" time="0.001" /><testcase classname="tests.test_lib" name="test_accuracy_defaults_exist_for_every_level[4]" time="0.001" /><testcase classname="tests.test_lib" name="test_accuracy_defaults_exist_for_every_level[5]" time="0.001" /><testcase classname="tests.test_lib" name="test_accuracy_defaults_exist_for_every_level[6]" time="0.001" /><testcase classname="tests.test_lib" name="test_accuracy_defaults_exist_for_every_level[7]" time="0.001" /><testcase classname="tests.test_lib" name="test_accuracy_defaults_exist_for_every_level[8]" time="0.001" /><testcase classname="tests.test_lib" name="test_accuracy_defaults_exist_for_every_level[9]" time="0.001" /><testcase classname="tests.test_lib" name="test_accuracy_defaults_improve_monotonically_with_level" time="0.001" /><testcase classname="tests.test_lib" name="test_output_type_for_level[0-Int16]" time="0.001" /><testcase classname="tests.test_lib" name="test_output_type_for_level[1-Int16]" time="0.001" /><testcase classname="tests.test_lib" name="test_output_type_for_level[2-Int16]" time="0.001" /><testcase classname="tests.test_lib" name="test_output_type_for_level[3-Float32]" time="0.001" /><testcase classname="tests.test_lib" name="test_output_type_for_level[4b-Float32]" time="0.001" /><testcase classname="tests.test_lib" name="test_output_type_for_level[4-Float32]" time="0.001" /><testcase classname="tests.test_lib" name="test_output_type_for_level[5-Float32]" time="0.001" /><testcase classname="tests.test_lib" name="test_output_type_for_level[6-Float32]" time="0.001" /><testcase classname="tests.test_lib" name="test_output_type_for_level[7-Float32]" time="0.001" /><testcase classname="tests.test_lib" name="test_output_type_for_level[8-Float32]" time="0.001" /><testcase classname="tests.test_lib" name="test_output_type_for_level[9-Float32]" time="0.001" /><testcase classname="tests.test_lib" name="test_output_type_accepts_an_int_level" time="0.001" /><testcase classname="tests.test_lib" name="test_predictor_for_type[Int16-2]" time="0.001" /><testcase classname="tests.test_lib" name="test_predictor_for_type[Float32-3]" time="0.001" /><testcase classname="tests.test_lib" name="test_predictor_follows_the_level_through_the_shared_helpers" time="0.001" /><testcase classname="tests.test_lib" name="test_todms[0.0-expect0]" time="0.001" /><testcase classname="tests.test_lib" name="test_todms[55.5-expect1]" time="0.001" /><testcase classname="tests.test_lib" name="test_todms[12.0-expect2]" time="0.001" /><testcase classname="tests.test_lib" name="test_todms[-33.75-expect3]" time="0.001" /><testcase classname="tests.test_lib" name="test_todms[0.016666666666666666-expect4]" time="0.001" /><testcase classname="tests.test_lib" name="test_todms_rounds_away_the_59_999_artefact" time="0.001" /><testcase classname="tests.test_lib" name="test_geo_level_0_to_3_use_the_short_form" time="0.000" /><testcase classname="tests.test_lib" name="test_geo_level_5_carries_degrees_and_minutes" time="0.000" /><testcase classname="tests.test_lib" name="test_geo_level_8_carries_degrees_minutes_and_seconds" time="0.001" /><testcase classname="tests.test_lib" name="test_geo_southern_and_western_hemispheres" time="0.001" /><testcase classname="tests.test_lib" name="test_geo_organisation_code_is_the_second_subfield" time="0.001" /><testcase classname="tests.test_lib" name="test_geo_latitude_is_two_digits_and_longitude_three" time="0.001" /><testcase classname="tests.test_lib" name="test_utm_name_field_widths_match_the_spec_form[4b]" time="0.001" /><testcase classname="tests.test_lib" name="test_utm_name_field_widths_match_the_spec_form[4]" time="0.001" /><testcase classname="tests.test_lib" name="test_utm_name_field_widths_match_the_spec_form[5]" time="0.001" /><testcase classname="tests.test_lib" name="test_utm_name_field_widths_match_the_spec_form[6]" time="0.001" /><testcase classname="tests.test_lib" name="test_utm_name_field_widths_match_the_spec_form[7]" time="0.001" /><testcase classname="tests.test_lib" name="test_utm_name_field_widths_match_the_spec_form[8]" time="0.001" /><testcase classname="tests.test_lib" name="test_utm_name_field_widths_match_the_spec_form[9]" time="0.001" /><testcase classname="tests.test_lib" name="test_utm_names_are_zero_padded" time="0.000" /><testcase classname="tests.test_lib" name="test_utm_name_on_the_equator_is_not_a_single_zero" time="0.000" /><testcase classname="tests.test_lib" name="test_utm_level_7_uses_the_full_metre_form" time="0.000" /><testcase classname="tests.test_lib" name="test_utm_organisation_code" time="0.000" /><testcase classname="tests.test_lib" name="test_every_utm_name_has_the_declared_field_widths[32N-4b]" time="0.001" /><testcase classname="tests.test_lib" name="test_every_utm_name_has_the_declared_field_widths[32N-4]" time="0.001" /><testcase classname="tests.test_lib" name="test_every_utm_name_has_the_declared_field_widths[32N-5]" time="0.001" /><testcase classname="tests.test_lib" name="test_every_utm_name_has_the_declared_field_widths[32N-6]" time="0.001" /><testcase classname="tests.test_lib" name="test_every_utm_name_has_the_declared_field_widths[32N-7]" time="0.001" /><testcase classname="tests.test_lib" name="test_every_utm_name_has_the_declared_field_widths[32N-8]" time="0.001" /><testcase classname="tests.test_lib" name="test_every_utm_name_has_the_declared_field_widths[32N-9]" time="0.001" /><testcase classname="tests.test_lib" name="test_every_utm_name_has_the_declared_field_widths[09S-4b]" time="0.001" /><testcase classname="tests.test_lib" name="test_every_utm_name_has_the_declared_field_widths[09S-4]" time="0.001" /><testcase classname="tests.test_lib" name="test_every_utm_name_has_the_declared_field_widths[09S-5]" time="0.001" /><testcase classname="tests.test_lib" name="test_every_utm_name_has_the_declared_field_widths[09S-6]" time="0.001" /><testcase classname="tests.test_lib" name="test_every_utm_name_has_the_declared_field_widths[09S-7]" time="0.001" /><testcase classname="tests.test_lib" name="test_every_utm_name_has_the_declared_field_widths[09S-8]" time="0.001" /><testcase classname="tests.test_lib" name="test_every_utm_name_has_the_declared_field_widths[09S-9]" time="0.001" /><testcase classname="tests.test_lib" name="test_every_utm_name_has_the_declared_field_widths[01N-4b]" time="0.001" /><testcase classname="tests.test_lib" name="test_every_utm_name_has_the_declared_field_widths[01N-4]" time="0.001" /><testcase classname="tests.test_lib" name="test_every_utm_name_has_the_declared_field_widths[01N-5]" time="0.001" /><testcase classname="tests.test_lib" name="test_every_utm_name_has_the_declared_field_widths[01N-6]" time="0.001" /><testcase classname="tests.test_lib" name="test_every_utm_name_has_the_declared_field_widths[01N-7]" time="0.001" /><testcase classname="tests.test_lib" name="test_every_utm_name_has_the_declared_field_widths[01N-8]" time="0.001" /><testcase classname="tests.test_lib" name="test_every_utm_name_has_the_declared_field_widths[01N-9]" time="0.001" /><testcase classname="tests.test_lib" name="test_every_utm_name_has_the_declared_field_widths[60S-4b]" time="0.001" /><testcase classname="tests.test_lib" name="test_every_utm_name_has_the_declared_field_widths[60S-4]" time="0.001" /><testcase classname="tests.test_lib" name="test_every_utm_name_has_the_declared_field_widths[60S-5]" time="0.001" /><testcase classname="tests.test_lib" name="test_every_utm_name_has_the_declared_field_widths[60S-6]" time="0.001" /><testcase classname="tests.test_lib" name="test_every_utm_name_has_the_declared_field_widths[60S-7]" time="0.001" /><testcase classname="tests.test_lib" name="test_every_utm_name_has_the_declared_field_widths[60S-8]" time="0.001" /><testcase classname="tests.test_lib" name="test_every_utm_name_has_the_declared_field_widths[60S-9]" time="0.001" /><testcase classname="tests.test_lib" name="test_warp_extent_is_half_post_expanded" time="0.001" /><testcase classname="tests.test_lib" name="test_warp_extent_gives_a_whole_number_of_posts_plus_one" time="0.000" /><testcase classname="tests.test_lib" name="test_adjacent_tiles_agree_on_their_shared_boundary_exactly" time="0.000" /><testcase classname="tests.test_lib" name="test_warp_extent_is_reproducible_across_call_paths" time="0.000" /><testcase classname="tests.test_lib" name="test_the_default_source_type_is_valid_and_silent" time="0.000" /><testcase classname="tests.test_lib" name="test_every_defined_source_code_is_accepted[A]" time="0.001" /><testcase classname="tests.test_lib" name="test_every_defined_source_code_is_accepted[B]" time="0.001" /><testcase classname="tests.test_lib" name="test_every_defined_source_code_is_accepted[C]" time="0.001" /><testcase classname="tests.test_lib" name="test_every_defined_source_code_is_accepted[F]" time="0.001" /><testcase classname="tests.test_lib" name="test_every_defined_source_code_is_accepted[G]" time="0.001" /><testcase classname="tests.test_lib" name="test_every_defined_source_code_is_accepted[H]" time="0.001" /><testcase classname="tests.test_lib" name="test_every_defined_source_code_is_accepted[K]" time="0.001" /><testcase classname="tests.test_lib" name="test_every_defined_source_code_is_accepted[L]" time="0.001" /><testcase classname="tests.test_lib" name="test_every_defined_source_code_is_accepted[M]" time="0.001" /><testcase classname="tests.test_lib" name="test_every_defined_source_code_is_accepted[N]" time="0.001" /><testcase classname="tests.test_lib" name="test_every_defined_source_code_is_accepted[O]" time="0.001" /><testcase classname="tests.test_lib" name="test_every_defined_source_code_is_accepted[P]" time="0.001" /><testcase classname="tests.test_lib" name="test_every_defined_source_code_is_accepted[T]" time="0.001" /><testcase classname="tests.test_lib" name="test_every_defined_source_code_is_accepted[U]" time="0.001" /><testcase classname="tests.test_lib" name="test_every_defined_source_code_is_accepted[V]" time="0.001" /><testcase classname="tests.test_lib" name="test_every_defined_source_code_is_accepted[X]" time="0.001" /><testcase classname="tests.test_lib" name="test_every_defined_source_code_is_accepted[Y]" time="0.001" /><testcase classname="tests.test_lib" name="test_reserved_codes_are_reported_as_reserved_not_unknown[D]" time="0.001" /><testcase classname="tests.test_lib" name="test_reserved_codes_are_reported_as_reserved_not_unknown[E]" time="0.001" /><testcase classname="tests.test_lib" name="test_reserved_codes_are_reported_as_reserved_not_unknown[I]" time="0.001" /><testcase classname="tests.test_lib" name="test_reserved_codes_are_reported_as_reserved_not_unknown[J]" time="0.001" /><testcase classname="tests.test_lib" name="test_reserved_codes_are_reported_as_reserved_not_unknown[Q]" time="0.001" /><testcase classname="tests.test_lib" name="test_reserved_codes_are_reported_as_reserved_not_unknown[R]" time="0.001" /><testcase classname="tests.test_lib" name="test_reserved_codes_are_reported_as_reserved_not_unknown[S]" time="0.001" /><testcase classname="tests.test_lib" name="test_reserved_codes_are_reported_as_reserved_not_unknown[W]" time="0.001" /><testcase classname="tests.test_lib" name="test_reserved_codes_are_reported_as_reserved_not_unknown[Z]" time="0.001" /><testcase classname="tests.test_lib" name="test_an_unknown_code_is_rejected_with_the_valid_list" time="0.000" /><testcase classname="tests.test_lib" name="test_source_code_check_is_case_insensitive_and_strips" time="0.000" /><testcase classname="tests.test_lib" name="test_reserved_and_defined_codes_do_not_overlap" time="0.001" /><testcase classname="tests.test_lib" name="test_auto_downsampling_uses_average" time="0.001" /><testcase classname="tests.test_lib" name="test_auto_upsampling_uses_bilinear" time="0.001" /><testcase classname="tests.test_lib" name="test_auto_near_equal_resolution_uses_bilinear" time="0.001" /><testcase classname="tests.test_lib" name="test_auto_never_picks_an_overshoot_prone_resampler" time="0.001" /><testcase classname="tests.test_lib" name="test_an_explicit_override_always_wins[near]" time="0.001" /><testcase classname="tests.test_lib" name="test_an_explicit_override_always_wins[bilinear]" time="0.001" /><testcase classname="tests.test_lib" name="test_an_explicit_override_always_wins[cubic]" time="0.001" /><testcase classname="tests.test_lib" name="test_an_explicit_override_always_wins[cubicspline]" time="0.001" /><testcase classname="tests.test_lib" name="test_an_explicit_override_always_wins[average]" time="0.001" /><testcase classname="tests.test_lib" name="test_an_explicit_override_always_wins[lanczos]" time="0.001" /><testcase classname="tests.test_lib" name="test_overshoot_prone_set_is_exactly_the_cubic_family" time="0.000" /><testcase classname="tests.test_lib" name="test_validate_resampler_accepts_every_documented_value[auto]" time="0.001" /><testcase classname="tests.test_lib" name="test_validate_resampler_accepts_every_documented_value[average]" time="0.001" /><testcase classname="tests.test_lib" name="test_validate_resampler_accepts_every_documented_value[bilinear]" time="0.001" /><testcase classname="tests.test_lib" name="test_validate_resampler_accepts_every_documented_value[cubic]" time="0.000" /><testcase classname="tests.test_lib" name="test_validate_resampler_accepts_every_documented_value[cubicspline]" time="0.000" /><testcase classname="tests.test_lib" name="test_validate_resampler_accepts_every_documented_value[lanczos]" time="0.001" /><testcase classname="tests.test_lib" name="test_validate_resampler_accepts_every_documented_value[max]" time="0.001" /><testcase classname="tests.test_lib" name="test_validate_resampler_accepts_every_documented_value[med]" time="0.001" /><testcase classname="tests.test_lib" name="test_validate_resampler_accepts_every_documented_value[min]" time="0.001" /><testcase classname="tests.test_lib" name="test_validate_resampler_accepts_every_documented_value[near]" time="0.001" /><testcase classname="tests.test_lib" name="test_validate_resampler_accepts_every_documented_value[optimize]" time="0.001" /><testcase classname="tests.test_lib" name="test_validate_resampler_accepts_every_documented_value[q1]" time="0.001" /><testcase classname="tests.test_lib" name="test_validate_resampler_accepts_every_documented_value[q3]" time="0.001" /><testcase classname="tests.test_lib" name="test_validate_resampler_accepts_every_documented_value[rms]" time="0.001" /><testcase classname="tests.test_lib" name="test_validate_resampler_normalises_case_and_whitespace" time="0.001" /><testcase classname="tests.test_lib" name="test_validate_resampler_defaults_to_auto" time="0.000" /><testcase classname="tests.test_lib" name="test_validate_resampler_rejects_anything_else[bilinier]" time="0.001" /><testcase classname="tests.test_lib" name="test_validate_resampler_rejects_anything_else[nearest]" time="0.001" /><testcase classname="tests.test_lib" name="test_validate_resampler_rejects_anything_else[cubic-spline]" time="0.001" /><testcase classname="tests.test_lib" name="test_validate_resampler_rejects_anything_else[none]" time="0.001" /><testcase classname="tests.test_lib" name="test_validate_resampler_rejects_anything_else[mode]" time="0.001" /><testcase classname="tests.test_lib" name="test_validate_resampler_rejects_anything_else[NEAREST_NEIGHBOR]" time="0.001" /><testcase classname="tests.test_lib" name="test_a_bad_resampler_is_caught_before_any_warp" time="0.001" /><testcase classname="tests.test_lib" name="test_require_epsg_passes_a_real_code_through" time="0.000" /><testcase classname="tests.test_lib" name="test_require_epsg_rejects_a_missing_code_with_the_file_name[None]" time="0.001" /><testcase classname="tests.test_lib" name="test_require_epsg_rejects_a_missing_code_with_the_file_name[]" time="0.001" /><testcase classname="tests.test_lib" name="test_require_epsg_rejects_a_missing_code_with_the_file_name[   ]" time="0.001" /><testcase classname="tests.test_lib" name="test_require_gdalwarp_reports_the_path_or_explains_the_fix" time="0.006" /><testcase classname="tests.test_lib" name="test_gdal_exceptions_are_explicitly_configured" time="0.000" /><testcase classname="tests.test_lib" name="test_gdal_ogr_osr_share_one_exception_flag" time="0.000" /><testcase classname="tests.test_lib" name="test_gdal_open_returns_none_instead_of_raising" time="0.001" /><testcase classname="tests.test_lib" name="test_quick_raster_range_degrades_instead_of_crashing" time="0.001" /><testcase classname="tests.test_lib" name="test_clamp_tile_to_range_degrades_on_an_unreadable_tile" time="0.001" /><testcase classname="tests.test_lib" name="test_plain_elevation_raises_nothing" time="0.000" /><testcase classname="tests.test_lib" name="test_filename_hint_alone_is_only_a_warning" time="0.000" /><testcase classname="tests.test_lib" name="test_angular_range_alone_is_only_a_warning" time="0.000" /><testcase classname="tests.test_lib" name="test_both_signals_together_block" time="0.000" /><testcase classname="tests.test_lib" name="test_the_real_aspect_raster_that_motivated_the_v036_widening" time="0.001" /><testcase classname="tests.test_lib" name="test_an_unreadable_raster_never_blocks_a_conversion" time="0.001" /><testcase classname="tests.test_lib" name="test_angular_classifier_is_shared_so_it_cannot_drift" time="0.001" /><testcase classname="tests.test_lib" name="test_compute_tile_stats_ignores_nodata" time="0.006" /><testcase classname="tests.test_lib" name="test_compute_tile_stats_on_an_all_nodata_tile" time="0.005" /><testcase classname="tests.test_lib" name="test_compute_tile_stats_raises_on_an_unreadable_file" time="0.001" /><testcase classname="tests.test_lib" name="test_nodata_value_is_the_one_the_converters_pass_to_gdalwarp" time="0.002" /><testcase classname="tests.test_lib" name="test_toc_filename_is_the_spec_name" time="0.001" /><testcase classname="tests.test_lib" name="test_classification_words_cover_every_spec_class" time="0.001" /><testcase classname="tests.test_lib" name="test_run_cmd_returns_127_for_a_missing_executable" time="0.007" /><testcase classname="tests.test_lib" name="test_plain_print_really_does_fail_on_a_legacy_console" time="0.001" /><testcase classname="tests.test_lib" name="test_safe_print_survives_an_unencodable_console" time="0.002" /><testcase classname="tests.test_lib" name="test_safe_print_handles_an_unencodable_path_in_a_message" time="0.001" /><testcase classname="tests.test_lib" name="test_the_packaging_scripts_contain_no_non_ascii" time="0.012" /><testcase classname="tests.test_lib" name="test_create_version_file_preserves_the_changelog" time="0.016" /><testcase classname="tests.test_lib" name="test_create_version_file_writes_a_stub_when_none_exists" time="0.010" /><testcase classname="tests.test_lib" name="test_the_shipped_version_txt_still_has_its_recent_entries" time="0.001" /><testcase classname="tests.test_lib" name="test_dem2dged_env_imports_with_nothing_installed" time="0.002" /><testcase classname="tests.test_lib" name="test_the_wrong_interpreter_message_names_the_command_form" time="0.003" /><testcase classname="tests.test_lib" name="test_the_right_interpreter_message_does_suggest_installing" time="0.002" /><testcase classname="tests.test_lib" name="test_no_active_environment_is_reported_as_such" time="0.001" /><testcase classname="tests.test_terrain" name="test_grid_phase_and_strategy" time="0.001" /><testcase classname="tests.test_terrain" name="test_grid_phase_detects_half_pixel_shift" time="0.001" /><testcase classname="tests.test_terrain" name="test_terrain_metrics_and_slope_bins" time="0.015" /><testcase classname="tests.test_terrain" name="test_error_budget_uses_vector_identity_and_cross_term" time="0.002" /><testcase classname="tests.test_terrain" name="test_mountain_metrics_detect_steep_terrain_and_extremes" time="0.002" /><testcase classname="tests.test_terrain" name="test_compliance_profile_is_machine_readable" time="0.000" /><testcase classname="tests.test_terrain" name="test_compliance_threshold_breach_fails_the_profile" time="0.000" /><testcase classname="tests.test_terrain" name="test_source_inspection_reports_horizontal_crs" time="0.051" /><testcase classname="tests.test_terrain" name="test_vertical_operation_identity_passes_and_invalid_epsg_fails" time="0.008" /><testcase classname="tests.test_terrain" name="test_terrain_qa_writes_to_validation_and_uses_error_threshold" time="0.085" /><testcase classname="tests.test_terrain" name="test_error_budget_qa_writes_json_on_delivered_grid" time="0.100" /><testcase classname="tests.test_validator" name="test_the_validator_module_is_complete" time="0.001" /><testcase classname="tests.test_validator" name="test_the_validator_reports_the_library_version" time="0.000" /><testcase classname="tests.test_validator" name="test_nodata_matches_what_the_converters_write" time="0.000" /><testcase classname="tests.test_validator" name="test_the_sane_elevation_band_brackets_the_real_extremes" time="0.001" /><testcase classname="tests.test_validator" name="test_overall_result_is_one_three_tier_rule[10-0-0-PASS]" time="0.001" /><testcase classname="tests.test_validator" name="test_overall_result_is_one_three_tier_rule[10-3-0-WARN]" time="0.001" /><testcase classname="tests.test_validator" name="test_overall_result_is_one_three_tier_rule[10-0-1-FAIL]" time="0.001" /><testcase classname="tests.test_validator" name="test_overall_result_is_one_three_tier_rule[10-3-1-FAIL]" time="0.001" /><testcase classname="tests.test_validator" name="test_overall_result_is_one_three_tier_rule[0-0-0-PASS]" time="0.001" /><testcase classname="tests.test_validator" name="test_overall_result_is_one_three_tier_rule[0-1-0-WARN]" time="0.001" /><testcase classname="tests.test_validator" name="test_overall_result_is_one_three_tier_rule[0-0-5-FAIL]" time="0.001" /><testcase classname="tests.test_validator" name="test_a_warning_alone_is_not_a_failing_exit_code" time="0.001" /><testcase classname="tests.test_validator" name="test_terrain_qa_requires_an_original_source_dem" time="0.003" /><testcase classname="tests.test_validator" name="test_every_geo_name_the_converter_builds_parses_back[-0]" time="0.001" /><testcase classname="tests.test_validator" name="test_every_geo_name_the_converter_builds_parses_back[-1]" time="0.001" /><testcase classname="tests.test_validator" name="test_every_geo_name_the_converter_builds_parses_back[-2]" time="0.001" /><testcase classname="tests.test_validator" name="test_every_geo_name_the_converter_builds_parses_back[-3]" time="0.001" /><testcase classname="tests.test_validator" name="test_every_geo_name_the_converter_builds_parses_back[-4b]" time="0.001" /><testcase classname="tests.test_validator" name="test_every_geo_name_the_converter_builds_parses_back[-4]" time="0.001" /><testcase classname="tests.test_validator" name="test_every_geo_name_the_converter_builds_parses_back[-5]" time="0.001" /><testcase classname="tests.test_validator" name="test_every_geo_name_the_converter_builds_parses_back[-6]" time="0.001" /><testcase classname="tests.test_validator" name="test_every_geo_name_the_converter_builds_parses_back[-7]" time="0.001" /><testcase classname="tests.test_validator" name="test_every_geo_name_the_converter_builds_parses_back[-8]" time="0.001" /><testcase classname="tests.test_validator" name="test_every_geo_name_the_converter_builds_parses_back[-9]" time="0.001" /><testcase classname="tests.test_validator" name="test_every_geo_name_the_converter_builds_parses_back[DNK-0]" time="0.001" /><testcase classname="tests.test_validator" name="test_every_geo_name_the_converter_builds_parses_back[DNK-1]" time="0.001" /><testcase classname="tests.test_validator" name="test_every_geo_name_the_converter_builds_parses_back[DNK-2]" time="0.001" /><testcase classname="tests.test_validator" name="test_every_geo_name_the_converter_builds_parses_back[DNK-3]" time="0.001" /><testcase classname="tests.test_validator" name="test_every_geo_name_the_converter_builds_parses_back[DNK-4b]" time="0.001" /><testcase classname="tests.test_validator" name="test_every_geo_name_the_converter_builds_parses_back[DNK-4]" time="0.001" /><testcase classname="tests.test_validator" name="test_every_geo_name_the_converter_builds_parses_back[DNK-5]" time="0.001" /><testcase classname="tests.test_validator" name="test_every_geo_name_the_converter_builds_parses_back[DNK-6]" time="0.001" /><testcase classname="tests.test_validator" name="test_every_geo_name_the_converter_builds_parses_back[DNK-7]" time="0.001" /><testcase classname="tests.test_validator" name="test_every_geo_name_the_converter_builds_parses_back[DNK-8]" time="0.001" /><testcase classname="tests.test_validator" name="test_every_geo_name_the_converter_builds_parses_back[DNK-9]" time="0.001" /><testcase classname="tests.test_validator" name="test_every_utm_name_the_converter_builds_parses_back[32N-4b]" time="0.001" /><testcase classname="tests.test_validator" name="test_every_utm_name_the_converter_builds_parses_back[32N-4]" time="0.001" /><testcase classname="tests.test_validator" name="test_every_utm_name_the_converter_builds_parses_back[32N-5]" time="0.001" /><testcase classname="tests.test_validator" name="test_every_utm_name_the_converter_builds_parses_back[32N-6]" time="0.001" /><testcase classname="tests.test_validator" name="test_every_utm_name_the_converter_builds_parses_back[32N-7]" time="0.001" /><testcase classname="tests.test_validator" name="test_every_utm_name_the_converter_builds_parses_back[32N-8]" time="0.001" /><testcase classname="tests.test_validator" name="test_every_utm_name_the_converter_builds_parses_back[32N-9]" time="0.001" /><testcase classname="tests.test_validator" name="test_every_utm_name_the_converter_builds_parses_back[09S-4b]" time="0.001" /><testcase classname="tests.test_validator" name="test_every_utm_name_the_converter_builds_parses_back[09S-4]" time="0.001" /><testcase classname="tests.test_validator" name="test_every_utm_name_the_converter_builds_parses_back[09S-5]" time="0.001" /><testcase classname="tests.test_validator" name="test_every_utm_name_the_converter_builds_parses_back[09S-6]" time="0.001" /><testcase classname="tests.test_validator" name="test_every_utm_name_the_converter_builds_parses_back[09S-7]" time="0.001" /><testcase classname="tests.test_validator" name="test_every_utm_name_the_converter_builds_parses_back[09S-8]" time="0.001" /><testcase classname="tests.test_validator" name="test_every_utm_name_the_converter_builds_parses_back[09S-9]" time="0.001" /><testcase classname="tests.test_validator" name="test_every_utm_name_the_converter_builds_parses_back[01N-4b]" time="0.001" /><testcase classname="tests.test_validator" name="test_every_utm_name_the_converter_builds_parses_back[01N-4]" time="0.001" /><testcase classname="tests.test_validator" name="test_every_utm_name_the_converter_builds_parses_back[01N-5]" time="0.001" /><testcase classname="tests.test_validator" name="test_every_utm_name_the_converter_builds_parses_back[01N-6]" time="0.001" /><testcase classname="tests.test_validator" name="test_every_utm_name_the_converter_builds_parses_back[01N-7]" time="0.001" /><testcase classname="tests.test_validator" name="test_every_utm_name_the_converter_builds_parses_back[01N-8]" time="0.001" /><testcase classname="tests.test_validator" name="test_every_utm_name_the_converter_builds_parses_back[01N-9]" time="0.001" /><testcase classname="tests.test_validator" name="test_every_utm_name_the_converter_builds_parses_back[60S-4b]" time="0.001" /><testcase classname="tests.test_validator" name="test_every_utm_name_the_converter_builds_parses_back[60S-4]" time="0.001" /><testcase classname="tests.test_validator" name="test_every_utm_name_the_converter_builds_parses_back[60S-5]" time="0.001" /><testcase classname="tests.test_validator" name="test_every_utm_name_the_converter_builds_parses_back[60S-6]" time="0.001" /><testcase classname="tests.test_validator" name="test_every_utm_name_the_converter_builds_parses_back[60S-7]" time="0.001" /><testcase classname="tests.test_validator" name="test_every_utm_name_the_converter_builds_parses_back[60S-8]" time="0.001" /><testcase classname="tests.test_validator" name="test_every_utm_name_the_converter_builds_parses_back[60S-9]" time="0.001" /><testcase classname="tests.test_validator" name="test_a_geo_name_never_matches_the_utm_pattern_and_vice_versa" time="0.000" /><testcase classname="tests.test_validator" name="test_the_pre_v034_unpadded_utm_name_still_PARSES" time="0.000" /><testcase classname="tests.test_validator" name="test_the_pre_v027_geo_legacy_form_still_parses" time="0.000" /><testcase classname="tests.test_validator" name="test_malformed_names_are_rejected_by_both_patterns[DGEDL5GtD_5530N01212E_A_U_1]" time="0.001" /><testcase classname="tests.test_validator" name="test_malformed_names_are_rejected_by_both_patterns[DGEDL5GtD_5530X01212E_A_U_01]" time="0.001" /><testcase classname="tests.test_validator" name="test_malformed_names_are_rejected_by_both_patterns[DGED5GtD_5530N01212E_A_U_01]" time="0.001" /><testcase classname="tests.test_validator" name="test_malformed_names_are_rejected_by_both_patterns[DGEDL5GtD_5530N01212E_A_U]" time="0.001" /><testcase classname="tests.test_validator" name="test_malformed_names_are_rejected_by_both_patterns[random_file_name]" time="0.001" /><testcase classname="tests.test_validator" name="test_malformed_names_are_rejected_by_both_patterns[DGEDL5UtD_32N0500_400_A_U]" time="0.001" /><testcase classname="tests.test_validator" name="test_dms_to_deg[27-True-27.0]" time="0.001" /><testcase classname="tests.test_validator" name="test_dms_to_deg[5530-True-55.5]" time="0.001" /><testcase classname="tests.test_validator" name="test_dms_to_deg[553000-True-55.5]" time="0.001" /><testcase classname="tests.test_validator" name="test_dms_to_deg[056-False-56.0]" time="0.001" /><testcase classname="tests.test_validator" name="test_dms_to_deg[01212-False-12.2]" time="0.001" /><testcase classname="tests.test_validator" name="test_dms_to_deg[0121200-False-12.2]" time="0.001" /><testcase classname="tests.test_validator" name="test_the_validators_longitude_zone_lookup_matches_the_converters" time="0.000" /><testcase classname="tests.test_validator" name="test_geo_level_params_come_from_the_shared_table[0]" time="0.001" /><testcase classname="tests.test_validator" name="test_geo_level_params_come_from_the_shared_table[1]" time="0.001" /><testcase classname="tests.test_validator" name="test_geo_level_params_come_from_the_shared_table[2]" time="0.001" /><testcase classname="tests.test_validator" name="test_geo_level_params_come_from_the_shared_table[3]" time="0.001" /><testcase classname="tests.test_validator" name="test_geo_level_params_come_from_the_shared_table[4b]" time="0.001" /><testcase classname="tests.test_validator" name="test_geo_level_params_come_from_the_shared_table[4]" time="0.001" /><testcase classname="tests.test_validator" name="test_geo_level_params_come_from_the_shared_table[5]" time="0.001" /><testcase classname="tests.test_validator" name="test_geo_level_params_come_from_the_shared_table[6]" time="0.001" /><testcase classname="tests.test_validator" name="test_geo_level_params_come_from_the_shared_table[7]" time="0.001" /><testcase classname="tests.test_validator" name="test_geo_level_params_come_from_the_shared_table[8]" time="0.001" /><testcase classname="tests.test_validator" name="test_geo_level_params_come_from_the_shared_table[9]" time="0.001" /><testcase classname="tests.test_validator" name="test_utm_level_params_come_from_the_shared_table[4b]" time="0.001" /><testcase classname="tests.test_validator" name="test_utm_level_params_come_from_the_shared_table[4]" time="0.001" /><testcase classname="tests.test_validator" name="test_utm_level_params_come_from_the_shared_table[5]" time="0.001" /><testcase classname="tests.test_validator" name="test_utm_level_params_come_from_the_shared_table[6]" time="0.001" /><testcase classname="tests.test_validator" name="test_utm_level_params_come_from_the_shared_table[7]" time="0.001" /><testcase classname="tests.test_validator" name="test_utm_level_params_come_from_the_shared_table[8]" time="0.001" /><testcase classname="tests.test_validator" name="test_utm_level_params_come_from_the_shared_table[9]" time="0.001" /><testcase classname="tests.test_validator" name="test_an_unknown_level_returns_nothing_rather_than_raising" time="0.000" /><testcase classname="tests.test_validator" name="test_delivery_level_xml_is_not_treated_as_a_missing_tile_sidecar" time="0.005" /><testcase classname="tests.test_validator" name="test_an_unreplaced_placeholder_is_detected" time="0.001" /><testcase classname="tests.test_validator" name="test_pixel_centre_origin_tolerance" time="0.001" /><testcase classname="tests.test_validator" name="test_both_dash_spellings_are_accepted[-html-report]" time="0.003" /><testcase classname="tests.test_validator" name="test_both_dash_spellings_are_accepted[--html-report]" time="0.002" /><testcase classname="tests.test_validator" name="test_every_option_has_both_spellings[-src]" time="0.002" /><testcase classname="tests.test_validator" name="test_every_option_has_both_spellings[--src]" time="0.002" /><testcase classname="tests.test_validator" name="test_every_option_has_both_spellings[-report]" time="0.002" /><testcase classname="tests.test_validator" name="test_every_option_has_both_spellings[--report]" time="0.002" /><testcase classname="tests.test_validator" name="test_every_option_has_both_spellings[-max-diff]" time="0.002" /><testcase classname="tests.test_validator" name="test_every_option_has_both_spellings[--max-diff]" time="0.003" /><testcase classname="tests.test_validator" name="test_every_option_has_both_spellings[-resample]" time="0.002" /><testcase classname="tests.test_validator" name="test_every_option_has_both_spellings[--resample]" time="0.002" /><testcase classname="tests.test_validator" name="test_resample_defaults_to_bilinear_for_a_standalone_run" time="0.002" /><testcase classname="tests.test_validator" name="test_emit_survives_an_unencodable_console" time="0.001" /><testcase classname="tests.test_validator" name="test_write_text_report_reports_failure_instead_of_raising" time="0.004" /><testcase classname="tests.test_validator" name="test_write_text_report_round_trips" time="0.006" /><testcase classname="tests.test_validator" name="test_a_corrupt_tile_is_reported_not_crashed" time="0.006" /><testcase classname="tests.test_validator" name="test_a_whole_folder_of_junk_still_produces_a_report" time="0.014" /><testcase classname="tests.test_validator" name="test_an_unreadable_src_is_a_clean_fail_not_a_crash" time="0.004" /><testcase classname="tests.test_validator" name="test_report_counts_each_status_once" time="0.001" /><testcase classname="tests.test_validator" name="test_the_worst_status_wins_for_a_tile_criterion" time="0.001" /><testcase classname="tests.test_validator" name="test_tile_order_is_first_seen_order" time="0.001" /><testcase classname="tests.test_validator" name="test_every_declared_tile_category_is_a_two_tuple" time="0.001" /><testcase classname="tests.test_validator" name="test_html_report_renders_without_a_dataset" time="0.001" /><testcase classname="tests.test_validator" name="test_html_report_escapes_a_hostile_dataset_name" time="0.000" /><testcase classname="tests.test_validator" name="test_find_tiles_returns_tifs_and_xmls_separately" time="0.008" /></testsuite></testsuites>